 -- General -- 
Generated on: 2016-02-24_19-15-04
Build: 642 from 09:24 PM - 23/02/16
GameState: IN_LEVEL (previous: LOADING)
Target FPS: 60
Actual FPS: 9

 -- Display -- 
Target Width / Height: 1920 / 1080
Actual Width / Height: 1920 / 1017 (windowed)

 -- Environment -- 
GPU: GeForce GTX 980 Ti/PCIe/SSE2 (NVIDIA Corporation)
OpenGL Version: 4.5.0 NVIDIA 361.43
Allocated Memory: 15MB
Used Memory: 10MB
"os.name": Windows 10
"os.version": 10.0
"os.arch": x86
"java.version": 1.8.0_66
"java.vendor": Oracle Corporation
"sun.arch.data.model": 32

 -- Level --
ID: 20-05 (internal: 05)
LevelType: NORMAL
Dimension: LIGHT
Location: ../worlds/maps/20-05

 -- Stack Trace -- 
java.lang.NullPointerException
com.unlogical.colored.gui.menu.MenuHandler.render(MenuHandler.java:197)
com.unlogical.colored.GameLauncher.render(GameLauncher.java:468)
com.badlogic.gdx.backends.lwjgl.LwjglApplication.mainLoop(LwjglApplication.java:218)
com.badlogic.gdx.backends.lwjgl.LwjglApplication$1.run(LwjglApplication.java:123)

 -- Last 20 Log Entries -- 
@Log: Found world hub for world 24 at 24-10. (11)
@Log: Initializing map editor... (11)
@Log: Initialising levelrenderer... (11)
@Log: Initializing menus... (11)
@Log: SaveState 22.dat found and read successfully. (11)
@Log: SaveState 23.dat found and read successfully. (11)
@Log: SaveState 25.dat found and read successfully. (11)
@Log: SaveState 26.dat found and read successfully. (11)
@Log: Initializing story handler... (11)
@Log: Initializing credits screen... (11)
@Log: Resizing contents to current window size... (11)
@Log: Finished loading, took 360ms. (11)
@Log: Loading map ../worlds/maps/20-05 ... (11)
@Log: Loading map files took 14ms. (11)
@Log: Fetching lights for level "20-05" ... (11)
@Log: Lights fetched for level "20-05", 1 light found. (11)
@Log: Pre-simulating particles for 45000.0ms (300 x 150.0ms)... (11)
@Log: Particle pre-simulation complete. Particles are now ahead of time by 45000.0ms. (11)
@Log: Active save was saved to disk. (11)
@Log: Loaded 20-05 (took 28ms). (11)

 -- Last 1 Input Events -- 
Touch up: 0 (pointer: 0) at x:0 y: 1052 (1004ms ago)
