 -- General -- 
Generated on: 2016-02-24_20-55-43
Build: 643 from 07:58 PM - 24/02/16
GameState: IN_LEVEL (previous: LOADING)
Target FPS: 60
Actual FPS: 40

 -- Display -- 
Target Width / Height: 1920 / 1080
Actual Width / Height: 1920 / 1017 (windowed)

 -- Environment -- 
GPU: GeForce GTX 980 Ti/PCIe/SSE2 (NVIDIA Corporation)
OpenGL Version: 4.5.0 NVIDIA 361.43
Allocated Memory: 15MB
Used Memory: 4MB
"os.name": Windows 10
"os.version": 10.0
"os.arch": x86
"java.version": 1.8.0_66
"java.vendor": Oracle Corporation
"sun.arch.data.model": 32

 -- Level --
ID: 20-02 (internal: 02)
LevelType: NORMAL
Dimension: LIGHT
Location: ../worlds/maps/20-02

 -- Stack Trace -- 
java.lang.NullPointerException: xyz
com.unlogical.colored.GameLauncher.update(GameLauncher.java:393)
com.unlogical.colored.GameLauncher.render(GameLauncher.java:431)
com.badlogic.gdx.backends.lwjgl.LwjglApplication.mainLoop(LwjglApplication.java:218)
com.badlogic.gdx.backends.lwjgl.LwjglApplication$1.run(LwjglApplication.java:123)

 -- Last 20 Log Entries -- 
@Log: Initialising levelrenderer... (8)
@Log: Initializing menus... (8)
@Log: SaveState 22.dat found and read successfully. (8)
@Log: SaveState 23.dat found and read successfully. (8)
@Log: SaveState 25.dat found and read successfully. (8)
@Log: SaveState 26.dat found and read successfully. (8)
@Log: Initializing story handler... (8)
@Log: Initializing credits screen... (8)
@Log: Resizing contents to current window size... (8)
@Log: Finished loading, took 326ms. (8)
@Log: Loading map ../worlds/maps/20-02 ... (8)
@Log: Loading map files took 209ms. (8)
@Log: Active save was saved to disk. (8)
@Log: Level 20-02 cleared. (8)
@Log: Fetching lights for level "20-02" ... (8)
@Log: Lights fetched for level "20-02", 4 lights found. (8)
@Log: Pre-simulating particles for 45000.0ms (300 x 150.0ms)... (8)
@Log: Particle pre-simulation complete. Particles are now ahead of time by 45000.0ms. (8)
@Log: Active save was saved to disk. (8)
@Log: Loaded 20-02 (took 350ms). (8)

 -- Last 1 Input Events -- 
Key down: Space (62) (12ms ago)
