 -- General -- 
Generated on: 2016-03-18_19-48-23
Build: 658 from 07:11 PM - 17/03/16
GameState: IN_LEVEL (previous: LOADING)
Target FPS: 60
Actual FPS: 10

 -- Display -- 
Target Width / Height: 1920 / 1080
Actual Width / Height: 1920 / 1017 (windowed)

 -- Environment -- 
GPU: GeForce GTX 980 Ti/PCIe/SSE2 (NVIDIA Corporation)
OpenGL Version: 4.5.0 NVIDIA 361.43
Allocated Memory: 15MB
Used Memory: 8MB
"os.name": Windows 10
"os.version": 10.0
"os.arch": x86
"java.version": 1.8.0_66
"java.vendor": Oracle Corporation
"sun.arch.data.model": 32

 -- Stack Trace -- 
java.lang.RuntimeException: Exception while silently getting file null/config.yml: java.io.FileNotFoundException: File "null/config.yml" is not contained in any of the currently used file packages.
com.unlogical.colored.filesystem.FileManager.getFileQuietly(FileManager.java:368)
com.unlogical.colored.levelmanaging.LevelManager.initMap(LevelManager.java:143)
com.unlogical.colored.GameLauncher.goToLastVisitedLevel(GameLauncher.java:745)
com.unlogical.colored.GameLauncher.update(GameLauncher.java:355)
com.unlogical.colored.GameLauncher.render(GameLauncher.java:430)
com.badlogic.gdx.backends.lwjgl.LwjglApplication.mainLoop(LwjglApplication.java:218)
com.badlogic.gdx.backends.lwjgl.LwjglApplication$1.run(LwjglApplication.java:123)
Caused by: java.io.FileNotFoundException: File "null/config.yml" is not contained in any of the currently used file packages.
com.unlogical.colored.filesystem.FileManager.getFile(FileManager.java:400)
com.unlogical.colored.filesystem.FileManager.getFile(FileManager.java:374)
com.unlogical.colored.filesystem.FileManager.getFileQuietly(FileManager.java:364)
com.unlogical.colored.levelmanaging.LevelManager.initMap(LevelManager.java:143)
com.unlogical.colored.GameLauncher.goToLastVisitedLevel(GameLauncher.java:745)
com.unlogical.colored.GameLauncher.update(GameLauncher.java:355)
com.unlogical.colored.GameLauncher.render(GameLauncher.java:430)
com.badlogic.gdx.backends.lwjgl.LwjglApplication.mainLoop(LwjglApplication.java:218)
com.badlogic.gdx.backends.lwjgl.LwjglApplication$1.run(LwjglApplication.java:123)

 -- Last 20 Log Entries -- 
@Log: Fetching chapters / worlds... (11)
@Log: Requesting available map files... (11)
@Log: 11 found. (11)
@Log: Loading resources... (1 / 3) (11)
@Log: Loading resources... (2 / 3) (11)
@Log: Loading resources... (3 / 3) (11)
@Log: Initializing shaders... (11)
@Log: Loading save states... (11)
@Log: No save states found - using default save state. (11)
@Log: Initializing animation handler... (11)
@Log: Fetching maps... (11)
@Log: Initializing map editor... (11)
@Log: Initialising levelrenderer... (11)
@Log: Initializing menus... (11)
@Log: SaveState 1.dat found and read successfully. (11)
@Log: Initializing story handler... (11)
@Log: Initializing credits screen... (11)
@Log: Resizing contents to current window size... (11)
@Log: Finished loading, took 314ms. (11)
@Log: Loading map null ... (11)

 -- Last 0 Input Events -- 
