 -- General -- 
Generated on: 2016-03-18_19-50-27
Build: 658 from 07:11 PM - 17/03/16
GameState: IN_LEVEL (previous: LOADING)
Target FPS: 60
Actual FPS: 10

 -- Display -- 
Target Width / Height: 1920 / 1080
Actual Width / Height: 1920 / 1053 (windowed)

 -- Environment -- 
GPU: GeForce GTX 980 Ti/PCIe/SSE2 (NVIDIA Corporation)
OpenGL Version: 4.5.0 NVIDIA 361.43
Allocated Memory: 15MB
Used Memory: 0MB
"os.name": Windows 10
"os.version": 10.0
"os.arch": x86
"java.version": 1.8.0_66
"java.vendor": Oracle Corporation
"sun.arch.data.model": 32

 -- Stack Trace -- 
java.lang.RuntimeException: Level path for 20-01 not found! Fatal, aborting...
com.unlogical.colored.level.Level.getMapPathByID(Level.java:663)
com.unlogical.colored.GameLauncher.goToLastVisitedLevel(GameLauncher.java:745)
com.unlogical.colored.GameLauncher.update(GameLauncher.java:355)
com.unlogical.colored.GameLauncher.render(GameLauncher.java:430)
com.badlogic.gdx.backends.lwjgl.LwjglApplication.mainLoop(LwjglApplication.java:218)
com.badlogic.gdx.backends.lwjgl.LwjglApplication$1.run(LwjglApplication.java:123)

 -- Last 20 Log Entries -- 
@Log: Fetching chapters / worlds... (11)
@Log: Requesting available map files... (11)
@Log: 11 found. (11)
@Log: Loading resources... (1 / 3) (11)
@Log: Loading resources... (2 / 3) (11)
@Log: Loading resources... (3 / 3) (11)
@Log: Initializing shaders... (11)
@Log: Loading save states... (11)
@Log: SaveState 1.dat found and read successfully. (11)
@Log: Active save state selected, last accessed on Fri Mar 18 19:48:22 CET 2016 (11)
@Log: Initializing animation handler... (11)
@Log: Fetching maps... (11)
@Log: Initializing map editor... (11)
@Log: Initialising levelrenderer... (11)
@Log: Initializing menus... (11)
@Log: SaveState 1.dat found and read successfully. (11)
@Log: Initializing story handler... (11)
@Log: Initializing credits screen... (11)
@Log: Resizing contents to current window size... (11)
@Log: Finished loading, took 312ms. (11)

 -- Last 2 Input Events -- 
Touch down: 0 (pointer: 0) at x:759 y: 244 (900ms ago)
Touch up: 0 (pointer: 0) at x:759 y: 244 (819ms ago)
