 -- General -- 
Generated on: 2016-03-18_22-18-06
Build: 660 from 08:20 PM - 18/03/16
GameState: IN_LEVEL (previous: LOADING)
Target FPS: 60
Actual FPS: 59

 -- Display -- 
Target Width / Height: 1920 / 1080
Actual Width / Height: 1920 / 1017 (windowed)

 -- Environment -- 
GPU: GeForce GTX 980 Ti/PCIe/SSE2 (NVIDIA Corporation)
OpenGL Version: 4.5.0 NVIDIA 361.43
Allocated Memory: 15MB
Used Memory: 0MB
"os.name": Windows 10
"os.version": 10.0
"os.arch": x86
"java.version": 1.8.0_66
"java.vendor": Oracle Corporation
"sun.arch.data.model": 32

 -- Level --
ID: 21-02 (internal: 02)
LevelType: REVERSAL
Dimension: LIGHT
Location: ../worlds/maps/21-02

 -- Stack Trace -- 
java.lang.NullPointerException
com.unlogical.colored.particle.ParticleSystem.renderEmitter(ParticleSystem.java:327)
com.unlogical.colored.particle.ParticleSystem.renderEmitter(ParticleSystem.java:248)
com.unlogical.colored.util.LevelObject.drawEmitters(LevelObject.java:379)
com.unlogical.colored.terrain.tile.Tile.customDraw(Tile.java:792)
com.unlogical.colored.terrain.TerrainObject.draw(TerrainObject.java:232)
com.unlogical.colored.levelmanaging.MapManager.renderForeground(MapManager.java:928)
com.unlogical.colored.levelmanaging.LevelManager.renderGeometry(LevelManager.java:1183)
com.unlogical.colored.levelmanaging.LevelManager.render(LevelManager.java:1132)
com.unlogical.colored.GameLauncher.render(GameLauncher.java:464)
com.badlogic.gdx.backends.lwjgl.LwjglApplication.mainLoop(LwjglApplication.java:218)
com.badlogic.gdx.backends.lwjgl.LwjglApplication$1.run(LwjglApplication.java:123)

 -- Last 20 Log Entries -- 
@Log: Active save state selected, last accessed on Fri Mar 18 22:16:23 CET 2016 (8)
@Log: Initializing animation handler... (8)
@Log: Fetching maps... (8)
@Log: Initializing map editor... (8)
@Log: Initialising levelrenderer... (8)
@Log: Initializing menus... (8)
@Log: SaveState 1.dat found and read successfully. (8)
@Log: Initializing story handler... (8)
@Log: Initializing credits screen... (8)
@Log: Resizing contents to current window size... (8)
@Log: Finished loading, took 313ms. (8)
@Log: Loading map ../worlds/maps/21-02 ... (8)
@Log: Loading map files took 13ms. (8)
@Log: Fetching lights for level "21-02" ... (8)
@Log: Lights fetched for level "21-02", 5 lights found. (8)
@Log: Pre-simulating particles for 45000.0ms (300 x 150.0ms)... (8)
@Log: Particle pre-simulation complete. Particles are now ahead of time by 45000.0ms. (8)
@Log: Active save was saved to disk. (8)
@Log: Loaded 21-02 (took 58ms). (8)
@Log: Play sound CANNON_SHOOT_CREATURE at volume 0.0 and pitch 1.0 (once). (8)

 -- Last 7 Input Events -- 
Touch up: 0 (pointer: 0) at x:414 y: 0 (1215ms ago)
Key down: D (32) (780ms ago)
Key typed: d (charcode: 100) (365ms ago)
Key typed: d (charcode: 100) (248ms ago)
Key typed: d (charcode: 100) (148ms ago)
Key typed: d (charcode: 100) (48ms ago)
Key down: Delete (67) (15ms ago)
