 -- General -- 
Generated on: 2016-03-18_22-21-46
Build: 660 from 08:20 PM - 18/03/16
GameState: IN_LEVEL (previous: LOADING)
Target FPS: 60
Actual FPS: 61

 -- Display -- 
Target Width / Height: 1920 / 1080
Actual Width / Height: 1920 / 1053 (windowed)

 -- Environment -- 
GPU: GeForce GTX 980 Ti/PCIe/SSE2 (NVIDIA Corporation)
OpenGL Version: 4.5.0 NVIDIA 361.43
Allocated Memory: 15MB
Used Memory: 0MB
"os.name": Windows 10
"os.version": 10.0
"os.arch": x86
"java.version": 1.8.0_66
"java.vendor": Oracle Corporation
"sun.arch.data.model": 32

 -- Level --
ID: 21-02 (internal: 02)
LevelType: REVERSAL
Dimension: LIGHT
Location: ../worlds/maps/21-02

 -- Stack Trace -- 
java.lang.NullPointerException
com.unlogical.colored.particle.ParticleSystem.renderEmitter(ParticleSystem.java:327)
com.unlogical.colored.particle.ParticleSystem.renderEmitter(ParticleSystem.java:248)
com.unlogical.colored.util.LevelObject.drawEmitters(LevelObject.java:379)
com.unlogical.colored.terrain.tile.Tile.customDraw(Tile.java:792)
com.unlogical.colored.terrain.TerrainObject.draw(TerrainObject.java:232)
com.unlogical.colored.levelmanaging.MapManager.renderForeground(MapManager.java:928)
com.unlogical.colored.levelmanaging.LevelManager.renderGeometry(LevelManager.java:1183)
com.unlogical.colored.levelmanaging.LevelManager.render(LevelManager.java:1132)
com.unlogical.colored.GameLauncher.render(GameLauncher.java:464)
com.badlogic.gdx.backends.lwjgl.LwjglApplication.mainLoop(LwjglApplication.java:218)
com.badlogic.gdx.backends.lwjgl.LwjglApplication$1.run(LwjglApplication.java:123)

 -- Last 20 Log Entries -- 
@Log: Finished loading, took 333ms. (8)
@Log: Loading map ../worlds/maps/21-02 ... (8)
@Log: Loading map files took 12ms. (8)
@Log: Fetching lights for level "21-02" ... (8)
@Log: Lights fetched for level "21-02", 5 lights found. (8)
@Log: Pre-simulating particles for 45000.0ms (300 x 150.0ms)... (8)
@Log: Particle pre-simulation complete. Particles are now ahead of time by 45000.0ms. (8)
@Log: Active save was saved to disk. (8)
@Log: Loaded 21-02 (took 57ms). (8)
@Log: Play sound CANNON_SHOOT_CREATURE at volume 0.0 and pitch 1.0 (once). (8)
@Log: Play sound JUMP at volume 0.0 and pitch 1.0 (once). (8)
@Log: Play sound CANNON_SHOOT_CREATURE at volume 0.0 and pitch 1.0 (once). (8)
@Log: Play sound JUMP at volume 0.0 and pitch 1.0 (once). (8)
@Log: Play sound BOUNCE at volume 0.0 and pitch 1.0 (once). (8)
@Log: Play sound BOUNCE at volume 0.0 and pitch 1.0 (once). (8)
@Log: Play sound PICK_UP_KEY at volume 0.0 and pitch 1.0 (once). (8)
@Log: Play sound JUMP at volume 0.0 and pitch 1.0 (once). (8)
@Log: Play sound CANNON_SHOOT_CREATURE at volume 0.0 and pitch 1.0 (once). (8)
@Log: Play sound JUMP at volume 0.0 and pitch 1.0 (once). (8)
@Log: Play sound JUMP at volume 0.0 and pitch 1.0 (once). (8)

 -- Last 20 Input Events -- 
Key typed: s (charcode: 115) (4976ms ago)
Key typed: s (charcode: 115) (4860ms ago)
Key typed: s (charcode: 115) (4759ms ago)
Key typed: s (charcode: 115) (4659ms ago)
Key typed: s (charcode: 115) (4559ms ago)
Key typed: s (charcode: 115) (4442ms ago)
Key typed: s (charcode: 115) (4342ms ago)
Key typed: s (charcode: 115) (4242ms ago)
Key typed: s (charcode: 115) (4127ms ago)
Key typed: s (charcode: 115) (4026ms ago)
Key down: Space (62) (3976ms ago)
Key down: D (32) (3859ms ago)
Key up: Space (62) (3842ms ago)
Key up: S (47) (3709ms ago)
Key down: Space (62) (1676ms ago)
Key up: Space (62) (1493ms ago)
Key down: Space (62) (259ms ago)
Key up: Space (62) (159ms ago)
Key up: D (32) (92ms ago)
Key down: Delete (67) (10ms ago)
