 -- General -- 
Generated on: 2016-03-21_17-45-08
Build: 665 from 05:03 PM - 21/03/16
GameState: IN_LEVEL (previous: LOADING)
Target FPS: 60
Actual FPS: 61

 -- Display -- 
Target Width / Height: 1920 / 1080
Actual Width / Height: 1920 / 1017 (windowed)

 -- Environment -- 
GPU: GeForce GTX 980 Ti/PCIe/SSE2 (NVIDIA Corporation)
OpenGL Version: 4.5.0 NVIDIA 361.43
Allocated Memory: 15MB
Used Memory: 0MB
"os.name": Windows 10
"os.version": 10.0
"os.arch": x86
"java.version": 1.8.0_66
"java.vendor": Oracle Corporation
"sun.arch.data.model": 32

 -- Level --
ID: 22-07 (internal: 07)
LevelType: TIME_SCALE
Dimension: LIGHT
Location: ../worlds/maps/22-07

 -- Stack Trace -- 
java.lang.IllegalStateException: SpriteBatch.begin must be called before draw.
com.unlogical.colored.util.CustomVerticesSpriteBatch.draw(CustomVerticesSpriteBatch.java:682)
com.badlogic.gdx.graphics.g2d.BitmapFontCache.draw(BitmapFontCache.java:237)
com.badlogic.gdx.graphics.g2d.BitmapFont.draw(BitmapFont.java:191)
com.unlogical.colored.util.Renderer.drawString(Renderer.java:361)
com.unlogical.colored.entity.boss.EntityTimeScaleBoss.draw(EntityTimeScaleBoss.java:234)
com.unlogical.colored.levelmanaging.EntityManager.renderEntity(EntityManager.java:45)
com.unlogical.colored.levelmanaging.EntityManager.renderEntities(EntityManager.java:38)
com.unlogical.colored.levelmanaging.LevelManager.renderGeometry(LevelManager.java:1175)
com.unlogical.colored.levelmanaging.LevelManager.render(LevelManager.java:1132)
com.unlogical.colored.GameLauncher.render(GameLauncher.java:464)
com.badlogic.gdx.backends.lwjgl.LwjglApplication.mainLoop(LwjglApplication.java:218)
com.badlogic.gdx.backends.lwjgl.LwjglApplication$1.run(LwjglApplication.java:123)

 -- Last 20 Log Entries -- 
@Log: Pre-simulating particles for 45000.0ms (300 x 150.0ms)... (11)
@Log: Particle pre-simulation complete. Particles are now ahead of time by 45000.0ms. (11)
@Log: Active save was saved to disk. (11)
@Log: Loaded 22-07 (took 74ms). (11)
@Log: Play sound TOGGLE_LEVER at volume 0.0 and pitch 1.0 (once). (11)
@Log: Play sound TOGGLE_LEVER at volume 0.0 and pitch 1.0 (once). (11)
@Log: Play sound TOGGLE_LEVER at volume 0.0 and pitch 1.0 (once). (11)
@Log: Play sound TOGGLE_LEVER at volume 0.0 and pitch 1.0 (once). (11)
@Log: Play sound JUMP at volume 0.0 and pitch 1.0 (once). (11)
@Log: Play sound JUMP at volume 0.0 and pitch 1.0 (once). (11)
@Log: Play sound JUMP at volume 0.0 and pitch 1.0 (once). (11)
@Log: Play sound JUMP at volume 0.0 and pitch 1.0 (once). (11)
@Log: Play sound JUMP at volume 0.0 and pitch 1.0 (once). (11)
@Log: Play sound JUMP at volume 0.0 and pitch 1.0 (once). (11)
@Log: Play sound JUMP at volume 0.0 and pitch 1.0 (once). (11)
@Log: Play sound TOGGLE_LEVER at volume 0.0 and pitch 1.0 (once). (11)
@Log: Play sound JUMP at volume 0.0 and pitch 1.0 (once). (11)
@Log: Play sound TOGGLE_LEVER at volume 0.0 and pitch 1.0 (once). (11)
@Log: Play sound JUMP at volume 0.0 and pitch 1.0 (once). (11)
@Log: Play sound JUMP at volume 0.0 and pitch 1.0 (once). (11)

 -- Last 20 Input Events -- 
Key down: Space (62) (7853ms ago)
Key up: Space (62) (7670ms ago)
Key up: D (32) (6703ms ago)
Key down: A (29) (5603ms ago)
Key up: A (29) (5320ms ago)
Key down: A (29) (5137ms ago)
Key up: A (29) (4870ms ago)
Key down: D (32) (4553ms ago)
Key typed: d (charcode: 100) (4136ms ago)
Key typed: d (charcode: 100) (4020ms ago)
Key typed:   (charcode: 32) (3603ms ago)
Key typed:   (charcode: 32) (3503ms ago)
Key up: Space (62) (3487ms ago)
Key up: D (32) (1337ms ago)
Key down: A (29) (1137ms ago)
Key up: A (29) (753ms ago)
Key down: D (32) (603ms ago)
Key typed: d (charcode: 100) (203ms ago)
Key down: W (51) (137ms ago)
Key up: W (51) (20ms ago)
