 -- General -- 
Generated on: 2016-03-24_12-46-02
Build: 667 from 09:39 PM - 22/03/16
GameState: IN_LEVEL (previous: LOADING)
Target FPS: 60
Actual FPS: 61

 -- Display -- 
Target Width / Height: 1920 / 1080
Actual Width / Height: 1920 / 1017 (windowed)

 -- Environment -- 
GPU: GeForce GTX 980 Ti/PCIe/SSE2 (NVIDIA Corporation)
OpenGL Version: 4.5.0 NVIDIA 361.43
Allocated Memory: 15MB
Used Memory: 5MB
"os.name": Windows 10
"os.version": 10.0
"os.arch": x86
"java.version": 1.8.0_66
"java.vendor": Oracle Corporation
"sun.arch.data.model": 32

 -- Level --
ID: 23-01 (internal: 01)
LevelType: FROZEN
Dimension: LIGHT
Location: ../worlds/maps/23-01

 -- Stack Trace -- 
java.lang.NullPointerException
com.unlogical.colored.resources.image.Images.draw(Images.java:100)
com.unlogical.colored.resources.image.Images.draw(Images.java:94)
com.unlogical.colored.levelmanaging.GUIManager.render(GUIManager.java:153)
com.unlogical.colored.levelmanaging.LevelManager.render(LevelManager.java:1146)
com.unlogical.colored.GameLauncher.render(GameLauncher.java:464)
com.badlogic.gdx.backends.lwjgl.LwjglApplication.mainLoop(LwjglApplication.java:218)
com.badlogic.gdx.backends.lwjgl.LwjglApplication$1.run(LwjglApplication.java:123)

 -- Last 20 Log Entries -- 
@Log: Particle pre-simulation complete. Particles are now ahead of time by 45000.0ms. (11)
@Log: Active save was saved to disk. (11)
@Log: Loaded 23-02 (took 97ms). (11)
@Log: Play sound CANNON_SHOOT_CLOUD at volume 0.0 and pitch 1.0 (once). (11)
@Log: Play sound CANNON_SHOOT_CLOUD at volume 0.0 and pitch 1.0 (once). (11)
@Log: Play sound CANNON_SHOOT_BALL at volume 0.0 and pitch 1.0 (once). (11)
@Log: Play sound CANNON_SHOOT_BALL at volume 0.0 and pitch 1.0 (once). (11)
@Log: Play sound CANNON_SHOOT_CLOUD at volume 0.0 and pitch 1.0 (once). (11)
@Log: Play sound CANNON_SHOOT_CLOUD at volume 0.0 and pitch 1.0 (once). (11)
@Log: Play sound OPEN_DOOR at volume 0.0 and pitch 1.0 (once). (11)
@Log: Loading map ../worlds/maps/23-01 ... (11)
@Log: Loading map files took 2ms. (11)
@Warning: Tried to load image(s) from path res/gui/icons/23-01, the resolved path res/gui/icons/23-01.png however does not exist. (11)
@Log: Loaded icon for 23-01. (11)
@Log: Fetching lights for level "23-01" ... (11)
@Log: Lights fetched for level "23-01", 1 light found. (11)
@Log: Pre-simulating particles for 45000.0ms (300 x 150.0ms)... (11)
@Log: Particle pre-simulation complete. Particles are now ahead of time by 45000.0ms. (11)
@Log: Active save was saved to disk. (11)
@Log: Loaded 23-01 (took 9ms). (11)

 -- Last 5 Input Events -- 
Key down: A (29) (1367ms ago)
Key typed: a (charcode: 97) (1366ms ago)
Key up: A (29) (1119ms ago)
Key down: Up (19) (536ms ago)
Key up: Up (19) (386ms ago)
