 -- General -- 
Generated on: 2016-03-24_13-32-10
Build: 667 from 09:39 PM - 22/03/16
GameState: IN_LEVEL (previous: LOADING)
Target FPS: 60
Actual FPS: 10

 -- Display -- 
Target Width / Height: 1920 / 1080
Actual Width / Height: 1920 / 1053 (windowed)

 -- Environment -- 
GPU: GeForce GTX 980 Ti/PCIe/SSE2 (NVIDIA Corporation)
OpenGL Version: 4.5.0 NVIDIA 361.43
Allocated Memory: 15MB
Used Memory: 8MB
"os.name": Windows 10
"os.version": 10.0
"os.arch": x86
"java.version": 1.8.0_66
"java.vendor": Oracle Corporation
"sun.arch.data.model": 32

 -- Level --
ID: 23-01 (internal: 01)
LevelType: FROZEN
Dimension: LIGHT
Location: ../worlds/maps/23-01

 -- Stack Trace -- 
java.lang.NullPointerException
com.unlogical.colored.resources.image.Images$ImageHandler.getImage(Images.java:129)
com.unlogical.colored.resources.image.Images.draw(Images.java:104)
com.unlogical.colored.resources.image.Images.draw(Images.java:99)
com.unlogical.colored.levelmanaging.GUIManager.render(GUIManager.java:158)
com.unlogical.colored.levelmanaging.LevelManager.render(LevelManager.java:1146)
com.unlogical.colored.GameLauncher.render(GameLauncher.java:464)
com.badlogic.gdx.backends.lwjgl.LwjglApplication.mainLoop(LwjglApplication.java:218)
com.badlogic.gdx.backends.lwjgl.LwjglApplication$1.run(LwjglApplication.java:123)

 -- Last 20 Log Entries -- 
@Log: Found world hub for world 22 at 22-08. (8)
@Log: Found world hub for world 23 at 23-09. (8)
@Log: Found world hub for world 24 at 24-10. (8)
@Log: Initializing map editor... (8)
@Log: Initialising levelrenderer... (8)
@Log: Initializing menus... (8)
@Log: SaveState 1.dat found and read successfully. (8)
@Log: Initializing story handler... (8)
@Log: Initializing credits screen... (8)
@Log: Resizing contents to current window size... (8)
@Log: Finished loading, took 339ms. (8)
@Log: Loading map ../worlds/maps/23-01 ... (8)
@Log: Loading map files took 6ms. (8)
@Warning: Tried to load image(s) from path res/gui/icons/23-01, the resolved path res/gui/icons/23-01.png however does not exist. (8)
@Log: Fetching lights for level "23-01" ... (8)
@Log: Lights fetched for level "23-01", 1 light found. (8)
@Log: Pre-simulating particles for 45000.0ms (300 x 150.0ms)... (8)
@Log: Particle pre-simulation complete. Particles are now ahead of time by 45000.0ms. (8)
@Log: Active save was saved to disk. (8)
@Log: Loaded 23-01 (took 61ms). (8)

 -- Last 0 Input Events -- 
