 -- General -- 
Generated on: 2016-03-24_14-28-46
Build: 668 from 02:08 PM - 24/03/16
GameState: IN_LEVEL (previous: LOADING)
Target FPS: 60
Actual FPS: 60

 -- Display -- 
Target Width / Height: 1920 / 1080
Actual Width / Height: 1920 / 1017 (windowed)

 -- Environment -- 
GPU: GeForce GTX 980 Ti/PCIe/SSE2 (NVIDIA Corporation)
OpenGL Version: 4.5.0 NVIDIA 361.43
Allocated Memory: 15MB
Used Memory: 0MB
"os.name": Windows 10
"os.version": 10.0
"os.arch": x86
"java.version": 1.8.0_66
"java.vendor": Oracle Corporation
"sun.arch.data.model": 32

 -- Level --
ID: 20-05 (internal: 05)
LevelType: NORMAL
Dimension: LIGHT
Location: ../worlds/maps/20-05

 -- Stack Trace -- 
java.lang.ClassCastException: java.lang.String cannot be cast to java.lang.Boolean
com.unlogical.colored.terrain.tile.TileDoor.preDraw(TileDoor.java:113)
com.unlogical.colored.terrain.TerrainObject.drawTextured(TerrainObject.java:261)
com.unlogical.colored.terrain.TerrainObject.draw(TerrainObject.java:211)
com.unlogical.colored.levelmanaging.MapManager.renderBehindAllEntities(MapManager.java:873)
com.unlogical.colored.levelmanaging.LevelManager.renderGeometry(LevelManager.java:1173)
com.unlogical.colored.levelmanaging.LevelManager.render(LevelManager.java:1132)
com.unlogical.colored.GameLauncher.render(GameLauncher.java:464)
com.badlogic.gdx.backends.lwjgl.LwjglApplication.mainLoop(LwjglApplication.java:218)
com.badlogic.gdx.backends.lwjgl.LwjglApplication$1.run(LwjglApplication.java:123)

 -- Last 20 Log Entries -- 
@Log: Particle pre-simulation complete. Particles are now ahead of time by 45000.0ms. (11)
@Log: Active save was saved to disk. (11)
@Log: Loaded 20-05 (took 16ms). (11)
@Log: Processing command "complete world current" ... (11)
@Log: Active save was saved to disk. (11)
@Log: Active save was saved to disk. (11)
@Log: Active save was saved to disk. (11)
@Log: Active save was saved to disk. (11)
@Log: Active save was saved to disk. (11)
@Log: Active save was saved to disk. (11)
@Log: Loading map ../worlds/maps/20-05 ... (11)
@Log: Loading map files took 0ms. (11)
@Warning: Tried to load image(s) from path res/gui/icons/20-05, the resolved path res/gui/icons/20-05.png however does not exist. (11)
@Warning: Couldn't load level icon for 20-05. (11)
@Log: Fetching lights for level "20-05" ... (11)
@Log: Lights fetched for level "20-05", 1 light found. (11)
@Log: Pre-simulating particles for 45000.0ms (300 x 150.0ms)... (11)
@Log: Particle pre-simulation complete. Particles are now ahead of time by 45000.0ms. (11)
@Log: Active save was saved to disk. (11)
@Log: Loaded 20-05 (took 3ms). (11)

 -- Last 20 Input Events -- 
Key up: R (46) (1044ms ago)
Key up: L (40) (961ms ago)
Key down: D (32) (944ms ago)
Key up: D (32) (878ms ago)
Key down: Space (62) (844ms ago)
Key up: Space (62) (761ms ago)
Key down: C (31) (727ms ago)
Key up: C (31) (644ms ago)
Key down: U (49) (594ms ago)
Key up: U (49) (544ms ago)
Key down: R (46) (494ms ago)
Key up: R (46) (444ms ago)
Key down: R (46) (361ms ago)
Key down: E (33) (311ms ago)
Key up: R (46) (261ms ago)
Key up: E (33) (227ms ago)
Key down: N (42) (211ms ago)
Key down: T (48) (128ms ago)
Key up: T (48) (61ms ago)
Key down: Enter (66) (44ms ago)
