 -- General -- 
Generated on: 2016-03-26_23-29-57
Build: 669 from 02:57 PM - 24/03/16
GameState: LOADING (previous: null)
Target FPS: 60
Actual FPS: 0

 -- Display -- 
Target Width / Height: 1920 / 1080
Actual Width / Height: 1920 / 1053 (windowed)

 -- Environment -- 
GPU: GeForce GTX 980 Ti/PCIe/SSE2 (NVIDIA Corporation)
OpenGL Version: 4.5.0 NVIDIA 361.43
Allocated Memory: 15MB
Used Memory: 7MB
"os.name": Windows 10
"os.version": 10.0
"os.arch": x86
"java.version": 1.8.0_66
"java.vendor": Oracle Corporation
"sun.arch.data.model": 32

 -- Stack Trace -- 
java.lang.RuntimeException: Error while loading: java.lang.NullPointerException
com.unlogical.colored.util.LoadingHandler.loadNext(LoadingHandler.java:121)
com.unlogical.colored.GameLauncher.render(GameLauncher.java:489)
com.badlogic.gdx.backends.lwjgl.LwjglApplication.mainLoop(LwjglApplication.java:218)
com.badlogic.gdx.backends.lwjgl.LwjglApplication$1.run(LwjglApplication.java:123)
Caused by: java.lang.NullPointerException
com.unlogical.colored.entity.Entity.<init>(Entity.java:136)
com.unlogical.colored.entity.boss.EntityBossEye.<init>(EntityBossEye.java:18)
com.unlogical.colored.entity.Entity.createEntity(Entity.java:345)
com.unlogical.colored.resources.ResourceLoader.getEntityImages(ResourceLoader.java:407)
com.unlogical.colored.entity.Entity.loadAll(Entity.java:297)
com.unlogical.colored.util.LoadingHandler.loadNext(LoadingHandler.java:67)
com.unlogical.colored.GameLauncher.render(GameLauncher.java:489)
com.badlogic.gdx.backends.lwjgl.LwjglApplication.mainLoop(LwjglApplication.java:218)
com.badlogic.gdx.backends.lwjgl.LwjglApplication$1.run(LwjglApplication.java:123)

 -- Last 20 Log Entries -- 
@Log: System.getProperty("sun.arch.data.model"): 32 (8)
@Log: ---- GPU Debug Information ---- (8)
@Log: GPU: GeForce GTX 980 Ti/PCIe/SSE2 (NVIDIA Corporation) (8)
@Log: OpenGL Version: 4.5.0 NVIDIA 361.43 (8)
@Log: Build: 669 from 02:57 PM - 24/03/16 (8)
@Log: Loading settings... (8)
@Log: Settings loaded. (8)
@Log: Logos loaded. (8)
@Log: Loading font "Chelsea.ttf" ... (8)
@Log: TrueTypeFont loaded, took 175ms. (8)
@Log: Initializing settings... (8)
@Log: Initializing key bindings... (8)
@Log: Calculating transition data... (8)
@Log: Calculated 1000 factors with offset -0.009009009 and factor 1.0229156. (8)
@Log: Loading sounds... (8)
@Log: Loaded 23 sounds, took 137ms. (8)
@Log: Fetching chapters / worlds... (8)
@Log: Requesting available map files... (8)
@Log: 47 found. (8)
@Log: Loading resources... (1 / 3) (8)

 -- Last 0 Input Events -- 
