 -- General -- 
Generated on: 2016-03-27_17-17-35
Build: 670 from 10:25 AM - 27/03/16
GameState: IN_LEVEL (previous: LOADING)
Target FPS: 60
Actual FPS: 60

 -- Display -- 
Target Width / Height: 1920 / 1080
Actual Width / Height: 1920 / 1017 (windowed)

 -- Environment -- 
GPU: GeForce GTX 980 Ti/PCIe/SSE2 (NVIDIA Corporation)
OpenGL Version: 4.5.0 NVIDIA 361.43
Allocated Memory: 15MB
Used Memory: 8MB
"os.name": Windows 10
"os.version": 10.0
"os.arch": x86
"java.version": 1.8.0_66
"java.vendor": Oracle Corporation
"sun.arch.data.model": 32

 -- Level --
ID: 21-07 (internal: 07)
LevelType: REVERSAL
Dimension: SHADOW
Location: ../worlds/maps/21-07

 -- Stack Trace -- 
java.lang.NullPointerException
com.unlogical.colored.entity.boss.EntityBossEye.lookAt(EntityBossEye.java:45)
com.unlogical.colored.entity.boss.EntityBossEye.updatePosition(EntityBossEye.java:37)
com.unlogical.colored.entity.boss.EntityReversalBoss.draw(EntityReversalBoss.java:190)
com.unlogical.colored.levelmanaging.EntityManager.renderEntity(EntityManager.java:45)
com.unlogical.colored.levelmanaging.EntityManager.renderEntities(EntityManager.java:38)
com.unlogical.colored.levelmanaging.LevelManager.renderGeometry(LevelManager.java:1175)
com.unlogical.colored.levelmanaging.LevelManager.render(LevelManager.java:1126)
com.unlogical.colored.GameLauncher.render(GameLauncher.java:464)
com.badlogic.gdx.backends.lwjgl.LwjglApplication.mainLoop(LwjglApplication.java:218)
com.badlogic.gdx.backends.lwjgl.LwjglApplication$1.run(LwjglApplication.java:123)

 -- Last 20 Log Entries -- 
@Log: Play sound BALL_HIT_WALL at volume 0.0 and pitch 1.0 (once). (11)
@Log: Play sound CANNON_SHOOT_BALL at volume 0.0 and pitch 1.0 (once). (11)
@Log: Play sound BALL_HIT_WALL at volume 0.0 and pitch 1.0 (once). (11)
@Log: Play sound BALL_HIT_WALL at volume 0.0 and pitch 1.0 (once). (11)
@Log: Play sound BALL_HIT_WALL at volume 0.0 and pitch 1.0 (once). (11)
@Log: Play sound BALL_HIT_WALL at volume 0.0 and pitch 1.0 (once). (11)
@Log: Play sound BALL_HIT_WALL at volume 0.0 and pitch 1.0 (once). (11)
@Log: Play sound BALL_HIT_WALL at volume 0.0 and pitch 1.0 (once). (11)
@Log: Play sound BALL_HIT_WALL at volume 0.0 and pitch 1.0 (once). (11)
@Log: Play sound CANNON_SHOOT_BALL at volume 0.0 and pitch 1.0 (once). (11)
@Log: --- NEW UPDATE FRAME (17) --- (11)
@Log: --- NEW UPDATE FRAME (16) --- (11)
@Log: --- NEW UPDATE FRAME (15) --- (11)
@Log: Play sound BALL_HIT_WALL at volume 0.0 and pitch 1.0 (once). (11)
@Log: --- NEW UPDATE FRAME (17) --- (11)
@Log: Play sound BALL_HIT_WALL at volume 0.0 and pitch 1.0 (once). (11)
@Log: Play sound BALL_HIT_WALL at volume 0.0 and pitch 1.0 (once). (11)
@Log: Play sound CANNON_SHOOT_BALL at volume 0.0 and pitch 1.0 (once). (11)
@Log: Play sound DEATH at volume 0.0 and pitch 1.0 (once). (11)
@Log: Play sound DEATH at volume 0.0 and pitch 1.0 (once). (11)

 -- Last 20 Input Events -- 
Key down: L-Ctrl (129) (117138ms ago)
Key down: F (34) (117055ms ago)
Key up: F (34) (116938ms ago)
Key up: L-Ctrl (129) (116921ms ago)
Touch up: 0 (pointer: 0) at x:1302 y: 126 (114492ms ago)
Touch down: 0 (pointer: 0) at x:1450 y: 589 (1606ms ago)
Touch up: 0 (pointer: 0) at x:1450 y: 589 (1542ms ago)
Key down: F (34) (1341ms ago)
Key up: F (34) (1274ms ago)
Key down: F (34) (1192ms ago)
Key up: F (34) (1124ms ago)
Key down: F (34) (1024ms ago)
Key up: F (34) (957ms ago)
Key down: L-Ctrl (129) (724ms ago)
Key down: F (34) (691ms ago)
Key up: L-Ctrl (129) (624ms ago)
Key up: F (34) (607ms ago)
Key down: D (32) (391ms ago)
Key up: D (32) (174ms ago)
Key down: A (29) (91ms ago)
