 -- General -- 
Generated on: 2016-03-27_17-05-11
Build: 670 from 10:25 AM - 27/03/16
GameState: IN_LEVEL (previous: LOADING)
Target FPS: 60
Actual FPS: 60

 -- Display -- 
Target Width / Height: 1920 / 1080
Actual Width / Height: 1920 / 1053 (windowed)

 -- Environment -- 
GPU: GeForce GTX 980 Ti/PCIe/SSE2 (NVIDIA Corporation)
OpenGL Version: 4.5.0 NVIDIA 361.43
Allocated Memory: 15MB
Used Memory: 3MB
"os.name": Windows 10
"os.version": 10.0
"os.arch": x86
"java.version": 1.8.0_66
"java.vendor": Oracle Corporation
"sun.arch.data.model": 32

 -- Level --
ID: 21-07 (internal: 07)
LevelType: REVERSAL
Dimension: LIGHT
Location: ../worlds/maps/21-07

 -- Stack Trace -- 
java.lang.NullPointerException
com.unlogical.colored.entity.boss.EntityReversalBoss.draw(EntityReversalBoss.java:190)
com.unlogical.colored.levelmanaging.EntityManager.renderEntity(EntityManager.java:45)
com.unlogical.colored.levelmanaging.EntityManager.renderEntities(EntityManager.java:38)
com.unlogical.colored.levelmanaging.LevelManager.renderGeometry(LevelManager.java:1175)
com.unlogical.colored.levelmanaging.LevelManager.render(LevelManager.java:1126)
com.unlogical.colored.GameLauncher.render(GameLauncher.java:464)
com.badlogic.gdx.backends.lwjgl.LwjglApplication.mainLoop(LwjglApplication.java:218)
com.badlogic.gdx.backends.lwjgl.LwjglApplication$1.run(LwjglApplication.java:123)

 -- Last 20 Log Entries -- 
@Log: Initializing credits screen... (11)
@Log: Resizing contents to current window size... (11)
@Log: Finished loading, took 333ms. (11)
@Log: Loading map ../worlds/maps/21-07 ... (11)
@Log: Loading map files took 9ms. (11)
@Warning: Tried to load image(s) from path res/gui/icons/21_07, the resolved path res/gui/icons/21_07.png however does not exist. (11)
@Warning: Couldn't load level icon for 21-07. (11)
@Log: Fetching lights for level "21-07" ... (11)
@Log: Lights fetched for level "21-07", 3 lights found. (11)
@Log: Pre-simulating particles for 45000.0ms (300 x 150.0ms)... (11)
@Log: Particle pre-simulation complete. Particles are now ahead of time by 45000.0ms. (11)
@Log: Active save was saved to disk. (11)
@Log: Loaded 21-07 (took 70ms). (11)
@Log: Play sound CANNON_SHOOT_BALL at volume 0.0 and pitch 1.0 (once). (11)
@Log: Play sound BALL_HIT_WALL at volume 0.0 and pitch 1.0 (once). (11)
@Log: Play sound BALL_HIT_WALL at volume 0.0 and pitch 1.0 (once). (11)
@Log: Play sound JUMP at volume 0.0 and pitch 1.0 (once). (11)
@Log: Play sound CANNON_SHOOT_BALL at volume 0.0 and pitch 1.0 (once). (11)
@Log: Play sound DEATH at volume 0.0 and pitch 1.0 (once). (11)
@Log: Play sound DEATH at volume 0.0 and pitch 1.0 (once). (11)

 -- Last 13 Input Events -- 
Touch down: 0 (pointer: 0) at x:641 y: 639 (3282ms ago)
Touch up: 0 (pointer: 0) at x:641 y: 639 (3265ms ago)
Key down: A (29) (2662ms ago)
Key up: A (29) (2598ms ago)
Key down: A (29) (2398ms ago)
Key typed: a (charcode: 97) (1979ms ago)
Key typed: a (charcode: 97) (1864ms ago)
Key typed: a (charcode: 97) (1748ms ago)
Key typed: a (charcode: 97) (1649ms ago)
Key down: G (35) (1632ms ago)
Key up: G (35) (1565ms ago)
Key down: Space (62) (965ms ago)
Key up: Space (62) (715ms ago)
