 -- General -- 
Generated on: 2016-03-27_17-06-25
Build: 670 from 10:25 AM - 27/03/16
GameState: PLAY_MAP_SELECTION (previous: IN_LEVEL)
Target FPS: 60
Actual FPS: 10

 -- Display -- 
Target Width / Height: 1920 / 1080
Actual Width / Height: 1920 / 1017 (windowed)

 -- Environment -- 
GPU: GeForce GTX 980 Ti/PCIe/SSE2 (NVIDIA Corporation)
OpenGL Version: 4.5.0 NVIDIA 361.43
Allocated Memory: 15MB
Used Memory: 1MB
"os.name": Windows 10
"os.version": 10.0
"os.arch": x86
"java.version": 1.8.0_66
"java.vendor": Oracle Corporation
"sun.arch.data.model": 32

 -- Level --
ID: 21-07 (internal: 07)
LevelType: REVERSAL
Dimension: LIGHT
Location: ../worlds/maps/21-07

 -- Stack Trace -- 
java.lang.NullPointerException
com.unlogical.colored.entity.boss.EntityReversalBoss.draw(EntityReversalBoss.java:194)
com.unlogical.colored.levelmanaging.EntityManager.renderEntity(EntityManager.java:45)
com.unlogical.colored.levelmanaging.EntityManager.renderEntities(EntityManager.java:38)
com.unlogical.colored.levelmanaging.LevelManager.renderGeometry(LevelManager.java:1175)
com.unlogical.colored.levelmanaging.LevelManager.render(LevelManager.java:1132)
com.unlogical.colored.GameLauncher.render(GameLauncher.java:464)
com.badlogic.gdx.backends.lwjgl.LwjglApplication.mainLoop(LwjglApplication.java:218)
com.badlogic.gdx.backends.lwjgl.LwjglApplication$1.run(LwjglApplication.java:123)

 -- Last 20 Log Entries -- 
@Warning: Tried to load image(s) from path res/gui/icons/21_07, the resolved path res/gui/icons/21_07.png however does not exist. (11)
@Warning: Couldn't load level icon for 21-07. (11)
@Log: Fetching lights for level "21-07" ... (11)
@Log: Lights fetched for level "21-07", 3 lights found. (11)
@Log: Pre-simulating particles for 45000.0ms (300 x 150.0ms)... (11)
@Log: Particle pre-simulation complete. Particles are now ahead of time by 45000.0ms. (11)
@Log: Active save was saved to disk. (11)
@Log: Loaded 21-07 (took 69ms). (11)
@Warning: Error while updating level / physics - jumping back to menu screen. (11)
@Warning: java.lang.NullPointerException (11)
@Warning: com.unlogical.colored.entity.boss.EntityReversalBoss.onUpdate(EntityReversalBoss.java:158) (11)
@Warning: com.unlogical.colored.entity.EntityLiving.updateEntity(EntityLiving.java:109) (11)
@Warning: com.unlogical.colored.entity.Entity.update(Entity.java:1249) (11)
@Warning: com.unlogical.colored.levelmanaging.EntityManager.updateEntities(EntityManager.java:22) (11)
@Warning: com.unlogical.colored.levelmanaging.LevelManager.updateLevel(LevelManager.java:713) (11)
@Warning: com.unlogical.colored.levelmanaging.LevelManager.update(LevelManager.java:579) (11)
@Warning: com.unlogical.colored.GameLauncher.update(GameLauncher.java:376) (11)
@Warning: com.unlogical.colored.GameLauncher.render(GameLauncher.java:430) (11)
@Warning: com.badlogic.gdx.backends.lwjgl.LwjglApplication.mainLoop(LwjglApplication.java:218) (11)
@Warning: com.badlogic.gdx.backends.lwjgl.LwjglApplication$1.run(LwjglApplication.java:123) (11)

 -- Last 0 Input Events -- 
