 -- General -- 
Generated on: 2016-04-09_16-49-33
Build: 687 from 07:54 PM - 08/04/16
GameState: IN_LEVEL (previous: LOADING)
Target FPS: 60
Actual FPS: 15

 -- Display -- 
Target Width / Height: 1920 / 1080
Actual Width / Height: 1920 / 1053 (windowed)

 -- Environment -- 
GPU: GeForce GTX 980 Ti/PCIe/SSE2 (NVIDIA Corporation)
OpenGL Version: 4.5.0 NVIDIA 361.43
Allocated Memory: 15MB
Used Memory: 13MB
"os.name": Windows 10
"os.version": 10.0
"os.arch": x86
"java.version": 1.8.0_66
"java.vendor": Oracle Corporation
"sun.arch.data.model": 32

 -- Level --
ID: 20-01 (internal: 01)
LevelType: SEPERATED
Dimension: SHADOW
Location: ../worlds/maps/20-01

 -- Stack Trace -- 
java.lang.ArrayIndexOutOfBoundsException
java.lang.System.arraycopy(Native Method)
com.unlogical.colored.util.CustomVerticesSpriteBatch.draw(CustomVerticesSpriteBatch.java:706)
com.badlogic.gdx.graphics.g2d.BitmapFontCache.draw(BitmapFontCache.java:237)
com.badlogic.gdx.graphics.g2d.BitmapFont.draw(BitmapFont.java:191)
com.unlogical.colored.util.Renderer.drawString(Renderer.java:313)
com.unlogical.colored.gui.panel.SanityPanel.customRender(SanityPanel.java:354)
com.unlogical.colored.gui.panel.GUIPanel.render(GUIPanel.java:164)
com.unlogical.colored.GameLauncher.render(GameLauncher.java:478)
com.badlogic.gdx.backends.lwjgl.LwjglApplication.mainLoop(LwjglApplication.java:218)
com.badlogic.gdx.backends.lwjgl.LwjglApplication$1.run(LwjglApplication.java:123)

 -- Last 20 Log Entries -- 
@Warning: sun.awt.image.IntegerInterleavedRaster.setDataElements(IntegerInterleavedRaster.java:301) (8)
@Warning: java.awt.image.BufferedImage.setRGB(BufferedImage.java:1059) (8)
@Warning: com.unlogical.colored.gui.panel.SanityPanel.takeScreenshot(SanityPanel.java:257) (8)
@Warning: com.unlogical.colored.gui.panel.SanityPanel.preDraw(SanityPanel.java:287) (8)
@Warning: com.unlogical.colored.gui.panel.GUIPanel.render(GUIPanel.java:130) (8)
@Warning: com.unlogical.colored.GameLauncher.render(GameLauncher.java:478) (8)
@Warning: com.badlogic.gdx.backends.lwjgl.LwjglApplication.mainLoop(LwjglApplication.java:218) (8)
@Warning: com.badlogic.gdx.backends.lwjgl.LwjglApplication$1.run(LwjglApplication.java:123) (8)
@Log: Loading map ../worlds/maps/20-01 ... (8)
@Log: Loading map files took 6ms. (8)
@Log: Active save was saved to disk. (8)
@Log: Level 20-01 cleared. (8)
@Warning: Tried to load image(s) from path res/gui/icons/20_01, the resolved path res/gui/icons/20_01.png however does not exist. (8)
@Warning: Couldn't load level icon for 20-01. (8)
@Log: Fetching lights for level "20-01" ... (8)
@Log: Lights fetched for level "20-01", 14 lights found. (8)
@Log: Pre-simulating particles for 45000.0ms (300 x 150.0ms)... (8)
@Log: Particle pre-simulation complete. Particles are now ahead of time by 45000.0ms. (8)
@Log: Active save was saved to disk. (8)
@Log: Loaded 20-01 (took 28ms). (8)

 -- Last 7 Input Events -- 
Touch down: 0 (pointer: 0) at x:554 y: 512 (12808ms ago)
Touch up: 0 (pointer: 0) at x:554 y: 512 (12807ms ago)
Key down: F2 (245) (12504ms ago)
Key up: F2 (245) (12309ms ago)
Touch down: 0 (pointer: 0) at x:971 y: 717 (11509ms ago)
Touch down: 0 (pointer: 0) at x:980 y: 723 (10852ms ago)
Touch up: 0 (pointer: 0) at x:980 y: 723 (10522ms ago)
