 -- General -- 
Generated on: 2016-04-21_17-02-37
Build: 692 from 07:04 PM - 17/04/16
GameState: IN_LEVEL (previous: LOADING)
Target FPS: 60
Actual FPS: 60

 -- Display -- 
Target Width / Height: 1920 / 1080
Actual Width / Height: 1920 / 1017 (windowed)

 -- Environment -- 
GPU: GeForce GTX 980 Ti/PCIe/SSE2 (NVIDIA Corporation)
OpenGL Version: 4.5.0 NVIDIA 361.43
Allocated Memory: 15MB
Used Memory: 0MB
"os.name": Windows 10
"os.version": 10.0
"os.arch": x86
"java.version": 1.8.0_66
"java.vendor": Oracle Corporation
"sun.arch.data.model": 32

 -- Level --
ID: test (internal: unknown)
LevelType: REVERSAL
Dimension: LIGHT
Location: ../worlds/maps/test

 -- Stack Trace -- 
java.lang.NullPointerException
java.lang.StringBuilder.<init>(StringBuilder.java:112)
com.unlogical.colored.gui.InputField.init(InputField.java:76)
com.unlogical.colored.gui.panel.CheatPanel.customUpdate(CheatPanel.java:54)
com.unlogical.colored.gui.panel.GUIPanel.update(GUIPanel.java:90)
com.unlogical.colored.GameLauncher.update(GameLauncher.java:241)
com.unlogical.colored.GameLauncher.render(GameLauncher.java:430)
com.badlogic.gdx.backends.lwjgl.LwjglApplication.mainLoop(LwjglApplication.java:218)
com.badlogic.gdx.backends.lwjgl.LwjglApplication$1.run(LwjglApplication.java:123)

 -- Last 20 Log Entries -- 
@Log: Initializing menus... (11)
@Log: SaveState 1.dat found and read successfully. (11)
@Log: SaveState 2.dat found and read successfully. (11)
@Log: SaveState 3.dat found and read successfully. (11)
@Log: Initializing story handler... (11)
@Log: Initializing credits screen... (11)
@Log: Resizing contents to current window size... (11)
@Log: Finished loading, took 347ms. (11)
@Log: Loading map ../worlds/maps/test ... (11)
@Log: Loading map files took 15ms. (11)
@Log: Active save was saved to disk. (11)
@Log: Level test cleared. (11)
@Warning: Tried to load image(s) from path res/gui/icons/test, the resolved path res/gui/icons/test.png however does not exist. (11)
@Warning: Couldn't load level icon for test. (11)
@Log: Fetching lights for level "test" ... (11)
@Log: Lights fetched for level "test", 1 light found. (11)
@Log: Pre-simulating particles for 45000.0ms (300 x 150.0ms)... (11)
@Log: Particle pre-simulation complete. Particles are now ahead of time by 45000.0ms. (11)
@Log: Active save was saved to disk. (11)
@Log: Loaded test (took 42ms). (11)

 -- Last 4 Input Events -- 
Touch up: 0 (pointer: 0) at x:750 y: 114 (2968ms ago)
Key down: F8 (251) (580ms ago)
Key up: F8 (251) (482ms ago)
Key down: Up (19) (15ms ago)
