 -- General -- 
Generated on: 2016-04-22_20-56-50
Build: 695 from 08:54 PM - 22/04/16
GameState: MAP_EDITOR (previous: MAP_EDITOR_MENU)
Target FPS: 60
Actual FPS: 61

 -- Display -- 
Target Width / Height: 1920 / 1080
Actual Width / Height: 1920 / 1017 (windowed)

 -- Environment -- 
GPU: GeForce GTX 980 Ti/PCIe/SSE2 (NVIDIA Corporation)
OpenGL Version: 4.5.0 NVIDIA 361.43
Allocated Memory: 15MB
Used Memory: 3MB
"os.name": Windows 10
"os.version": 10.0
"os.arch": x86
"java.version": 1.8.0_66
"java.vendor": Oracle Corporation
"sun.arch.data.model": 32

 -- Level --
ID: test (internal: unknown)
LevelType: NORMAL
Dimension: LIGHT
Location: ../worlds/maps/test

 -- Stack Trace -- 
java.lang.NullPointerException
com.unlogical.colored.util.CustomVerticesSpriteBatch.draw(CustomVerticesSpriteBatch.java:737)
com.unlogical.colored.terrain.tile.platform.TilePlatform.drawImage(TilePlatform.java:402)
com.unlogical.colored.terrain.TerrainObject.drawImage(TerrainObject.java:295)
com.unlogical.colored.terrain.TerrainObject.drawTextured(TerrainObject.java:279)
com.unlogical.colored.terrain.TerrainObject.draw(TerrainObject.java:212)
com.unlogical.colored.mapeditor.MapEditor.drawTile(MapEditor.java:1479)
com.unlogical.colored.mapeditor.MapEditor.render(MapEditor.java:1223)
com.unlogical.colored.GameLauncher.render(GameLauncher.java:460)
com.badlogic.gdx.backends.lwjgl.LwjglApplication.mainLoop(LwjglApplication.java:218)
com.badlogic.gdx.backends.lwjgl.LwjglApplication$1.run(LwjglApplication.java:123)

 -- Last 20 Log Entries -- 
@Log: Loading map files took 7ms. (8)
@Warning: Tried to load image(s) from path res/gui/icons/20_05, the resolved path res/gui/icons/20_05.png however does not exist. (8)
@Warning: Couldn't load level icon for 20-05. (8)
@Log: Fetching lights for level "20-05" ... (8)
@Log: Lights fetched for level "20-05", 1 light found. (8)
@Log: Pre-simulating particles for 45000.0ms (300 x 150.0ms)... (8)
@Log: Particle pre-simulation complete. Particles are now ahead of time by 45000.0ms. (8)
@Log: Active save was saved to disk. (8)
@Log: Loaded 20-05 (took 14ms). (8)
@Log: Fetching lights for level "20-05" ... (8)
@Log: Lights fetched for level "20-05", 1 light found. (8)
@Log: Loaded map Shattered (20-05, ../worlds/maps/20-05), took 1ms. (8)
@Log: Play sound MENU_CLICK at volume 0.17 and pitch 1.0 (once). (8)
@Log: Play sound MENU_CLICK at volume 0.17 and pitch 1.0 (once). (8)
@Log: Fetching lights for level "test" ... (8)
@Log: Lights fetched for level "test", 1 light found. (8)
@Log: Loaded map Test (test, ../worlds/maps/test), took 15ms. (8)
@Log: Clicked "Add Tile" and called its onClick(). (8)
@Log: Play sound MENU_CLICK at volume 0.17 and pitch 1.0 (once). (8)
@Log: Creating tile PLATFORM ... (8)

 -- Last 20 Input Events -- 
Touch dragged: pointer: 0 at x:1326 y: 911 (5221ms ago)
Touch down: 0 (pointer: 0) at x:758 y: 544 (4871ms ago)
Touch up: 0 (pointer: 0) at x:758 y: 544 (4821ms ago)
Touch down: 0 (pointer: 0) at x:758 y: 544 (4772ms ago)
Touch up: 0 (pointer: 0) at x:758 y: 544 (4671ms ago)
Key down: L-Ctrl (129) (3989ms ago)
Key down: A (29) (3954ms ago)
Key up: A (29) (3804ms ago)
Key up: L-Ctrl (129) (3754ms ago)
Touch down: 0 (pointer: 0) at x:1081 y: 302 (3504ms ago)
Touch up: 0 (pointer: 0) at x:1081 y: 302 (3404ms ago)
Touch down: 0 (pointer: 0) at x:1095 y: 316 (3239ms ago)
Touch up: 0 (pointer: 0) at x:1095 y: 316 (3188ms ago)
Touch down: 0 (pointer: 0) at x:329 y: 285 (2321ms ago)
Touch up: 0 (pointer: 0) at x:329 y: 285 (2288ms ago)
Touch down: 0 (pointer: 0) at x:1844 y: 8 (921ms ago)
Touch up: 0 (pointer: 0) at x:1844 y: 8 (871ms ago)
Touch down: 0 (pointer: 0) at x:1710 y: 201 (289ms ago)
Touch up: 0 (pointer: 0) at x:1710 y: 201 (239ms ago)
Touch down: 0 (pointer: 0) at x:1010 y: 516 (38ms ago)
