 -- General -- 
Generated on: 2016-04-25_14-55-18
Build: 698 from 09:43 PM - 24/04/16
GameState: IN_LEVEL (previous: LOADING)
Target FPS: 60
Actual FPS: 10

 -- Display -- 
Target Width / Height: 1920 / 1080
Actual Width / Height: 1920 / 1017 (windowed)

 -- Environment -- 
GPU: GeForce GTX 980 Ti/PCIe/SSE2 (NVIDIA Corporation)
OpenGL Version: 4.5.0 NVIDIA 361.43
Allocated Memory: 15MB
Used Memory: 12MB
"os.name": Windows 10
"os.version": 10.0
"os.arch": x86
"java.version": 1.8.0_66
"java.vendor": Oracle Corporation
"sun.arch.data.model": 32

 -- Level --
ID: 21-01 (internal: 01)
LevelType: REVERSAL
Dimension: COLORED
Location: ../worlds/maps/21-01

 -- Stack Trace -- 
java.lang.RuntimeException: Unable to init music, unknown error while decoding
com.unlogical.colored.audio.MusicManager.initLevel(MusicManager.java:38)
com.unlogical.colored.levelmanaging.LevelManager.initLevel(LevelManager.java:284)
com.unlogical.colored.GameLauncher.goToLastVisitedLevel(GameLauncher.java:744)
com.unlogical.colored.GameLauncher.update(GameLauncher.java:355)
com.unlogical.colored.GameLauncher.render(GameLauncher.java:430)
com.badlogic.gdx.backends.lwjgl.LwjglApplication.mainLoop(LwjglApplication.java:218)
com.badlogic.gdx.backends.lwjgl.LwjglApplication$1.run(LwjglApplication.java:123)

 -- Last 20 Log Entries -- 
@Log: Active save state selected, last accessed on Mon Apr 25 14:42:41 CEST 2016 (11)
@Log: Initializing animation handler... (11)
@Log: Fetching maps... (11)
@Log: Found world hub for world 20 at 20-05. (11)
@Log: Found world hub for world 21 at 21-08. (11)
@Log: Found world hub for world 22 at 22-08. (11)
@Log: Found world hub for world 23 at 23-09. (11)
@Log: Found world hub for world 24 at 24-10. (11)
@Log: Initializing map editor... (11)
@Log: Initialising levelrenderer... (11)
@Log: Initializing menus... (11)
@Log: SaveState 1.dat found and read successfully. (11)
@Log: Initializing story handler... (11)
@Log: Initializing credits screen... (11)
@Log: Resizing contents to current window size... (11)
@Log: Finished loading, took 328ms. (11)
@Log: Loading map ../worlds/maps/21-01 ... (11)
@Log: Loading map files took 128ms. (11)
@Warning: Tried to load image(s) from path res/gui/icons/21_01, the resolved path res/gui/icons/21_01.png however does not exist. (11)
@Warning: Couldn't load level icon for 21-01. (11)

 -- Last 0 Input Events -- 
