 -- General -- 
Generated on: 2016-04-25_14-40-47
Build: 698 from 09:43 PM - 24/04/16
GameState: IN_LEVEL (previous: LOADING)
Target FPS: 60
Actual FPS: 10

 -- Display -- 
Target Width / Height: 1920 / 1080
Actual Width / Height: 1920 / 1053 (windowed)

 -- Environment -- 
GPU: GeForce GTX 980 Ti/PCIe/SSE2 (NVIDIA Corporation)
OpenGL Version: 4.5.0 NVIDIA 361.43
Allocated Memory: 15MB
Used Memory: 11MB
"os.name": Windows 10
"os.version": 10.0
"os.arch": x86
"java.version": 1.8.0_66
"java.vendor": Oracle Corporation
"sun.arch.data.model": 32

 -- Level --
ID: 21-02 (internal: 02)
LevelType: REVERSAL
Dimension: COLORED
Location: ../worlds/maps/21-02

 -- Stack Trace -- 
java.lang.RuntimeException: Unable to init music, unknown error while decoding
com.unlogical.colored.audio.MusicManager.initLevel(MusicManager.java:38)
com.unlogical.colored.levelmanaging.LevelManager.initLevel(LevelManager.java:284)
com.unlogical.colored.GameLauncher.goToLastVisitedLevel(GameLauncher.java:744)
com.unlogical.colored.GameLauncher.update(GameLauncher.java:355)
com.unlogical.colored.GameLauncher.render(GameLauncher.java:430)
com.badlogic.gdx.backends.lwjgl.LwjglApplication.mainLoop(LwjglApplication.java:218)
com.badlogic.gdx.backends.lwjgl.LwjglApplication$1.run(LwjglApplication.java:123)

 -- Last 20 Log Entries -- 
@Log: Fetching maps... (8)
@Log: Found world hub for world 20 at 20-05. (8)
@Log: Found world hub for world 21 at 21-08. (8)
@Log: Found world hub for world 22 at 22-08. (8)
@Log: Found world hub for world 23 at 23-09. (8)
@Log: Found world hub for world 24 at 24-10. (8)
@Log: Initializing map editor... (8)
@Log: Initialising levelrenderer... (8)
@Log: Initializing menus... (8)
@Log: SaveState 1.dat found and read successfully. (8)
@Log: Initializing story handler... (8)
@Log: Initializing credits screen... (8)
@Log: Resizing contents to current window size... (8)
@Log: Finished loading, took 333ms. (8)
@Log: Loading map ../worlds/maps/21-02 ... (8)
@Log: Loading map files took 195ms. (8)
@Log: Active save was saved to disk. (8)
@Log: Level 21-02 cleared. (8)
@Warning: Tried to load image(s) from path res/gui/icons/21_02, the resolved path res/gui/icons/21_02.png however does not exist. (8)
@Warning: Couldn't load level icon for 21-02. (8)

 -- Last 0 Input Events -- 
