 -- General -- 
Generated on: 2016-04-26_17-34-12
Build: 700 from 05:15 PM - 26/04/16
GameState: IN_LEVEL (previous: LOADING)
Target FPS: 60
Actual FPS: 60

 -- Display -- 
Target Width / Height: 1920 / 1080
Actual Width / Height: 1920 / 1017 (windowed)

 -- Environment -- 
GPU: GeForce GTX 980 Ti/PCIe/SSE2 (NVIDIA Corporation)
OpenGL Version: 4.5.0 NVIDIA 361.43
Allocated Memory: 15MB
Used Memory: 5MB
"os.name": Windows 10
"os.version": 10.0
"os.arch": x86
"java.version": 1.8.0_66
"java.vendor": Oracle Corporation
"sun.arch.data.model": 32

 -- Level --
ID: 21-01 (internal: 01)
LevelType: REVERSAL
Dimension: COLORED
Location: ../worlds/maps/21-01

 -- Stack Trace -- 
java.lang.IllegalArgumentException: Polygons must contain at least 3 points.
com.badlogic.gdx.graphics.glutils.ShapeRenderer.polygon(ShapeRenderer.java:1011)
com.badlogic.gdx.graphics.glutils.ShapeRenderer.polygon(ShapeRenderer.java:1043)
com.unlogical.colored.util.ShaderHandler.updateAndRender(ShaderHandler.java:268)
com.unlogical.colored.levelmanaging.LevelManager.render(LevelManager.java:1152)
com.unlogical.colored.GameLauncher.render(GameLauncher.java:491)
com.badlogic.gdx.backends.lwjgl.LwjglApplication.mainLoop(LwjglApplication.java:218)
com.badlogic.gdx.backends.lwjgl.LwjglApplication$1.run(LwjglApplication.java:123)

 -- Last 20 Log Entries -- 
@Log: Found world hub for world 23 at 23-09. (11)
@Log: Found world hub for world 24 at 24-10. (11)
@Log: Initializing map editor... (11)
@Log: Initialising levelrenderer... (11)
@Log: Initializing menus... (11)
@Log: SaveState 1.dat found and read successfully. (11)
@Log: Initializing story handler... (11)
@Log: Initializing credits screen... (11)
@Log: Resizing contents to current window size... (11)
@Log: Finished loading, took 655ms. (11)
@Log: Loading map ../worlds/maps/21-01 ... (11)
@Log: Loading map files took 125ms. (11)
@Warning: Tried to load image(s) from path res/gui/icons/21_01, the resolved path res/gui/icons/21_01.png however does not exist. (11)
@Warning: Couldn't load level icon for 21-01. (11)
@Log: Fetching lights for level "21-01" ... (11)
@Log: Lights fetched for level "21-01", 4 lights found. (11)
@Log: Pre-simulating particles for 45000.0ms (300 x 150.0ms)... (11)
@Log: Particle pre-simulation complete. Particles are now ahead of time by 45000.0ms. (11)
@Log: Active save was saved to disk. (11)
@Log: Loaded 21-01 (took 289ms). (11)

 -- Last 13 Input Events -- 
Touch up: 0 (pointer: 0) at x:489 y: 216 (103767ms ago)
Key down: L-Ctrl (129) (99662ms ago)
Key up: L-Ctrl (129) (99264ms ago)
Key down: G (35) (98697ms ago)
Key up: G (35) (98581ms ago)
Key down: F3 (246) (96164ms ago)
Key up: F3 (246) (96065ms ago)
Key down: F3 (246) (95764ms ago)
Key up: F3 (246) (95682ms ago)
Key down: F3 (246) (95431ms ago)
Key up: F3 (246) (95365ms ago)
Key down: F3 (246) (95215ms ago)
Key up: F3 (246) (95165ms ago)
