 -- General -- 
Generated on: 2016-05-05_22-03-38
Build: 718 from 02:22 PM - 05/05/16
GameState: IN_LEVEL (previous: MAP_EDITOR)
Target FPS: 60
Actual FPS: 60

 -- Display -- 
Target Width / Height: 1920 / 1080
Actual Width / Height: 1920 / 1017 (windowed)

 -- Environment -- 
GPU: GeForce GTX 980 Ti/PCIe/SSE2 (NVIDIA Corporation)
OpenGL Version: 4.5.0 NVIDIA 361.43
Allocated Memory: 15MB
Used Memory: 5MB
"os.name": Windows 10
"os.version": 10.0
"os.arch": x86
"java.version": 1.8.0_66
"java.vendor": Oracle Corporation
"sun.arch.data.model": 32

 -- Level --
ID: 20-05 (internal: 05)
LevelType: NORMAL
Dimension: COLORED
Location: ../worlds/maps/20-05

 -- Stack Trace -- 
java.lang.IllegalArgumentException: Error compiling shader: 0(20) : warning C7011: implicit cast from "int" to "float"
0(20) : warning C7011: implicit cast from "int" to "float"
0(20) : error C1068: too much data in type constructor

com.unlogical.colored.util.ShaderHandler.createOutlineBlurShader(ShaderHandler.java:430)
com.unlogical.colored.util.ShaderHandler.updateAndRender(ShaderHandler.java:253)
com.unlogical.colored.levelmanaging.LevelManager.render(LevelManager.java:1183)
com.unlogical.colored.GameLauncher.render(GameLauncher.java:493)
com.badlogic.gdx.backends.lwjgl.LwjglApplication.mainLoop(LwjglApplication.java:218)
com.badlogic.gdx.backends.lwjgl.LwjglApplication$1.run(LwjglApplication.java:123)

 -- Last 20 Log Entries -- 
@Log: Active save was saved to disk. (11)
@Log: Loaded 20-05 (took 3ms). (11)
@Log: Play sound JUMP at volume 0.0, pitch 1.0 and pan 0.0 (once). (11)
@Log: Processing command "complete level 20-03" ... (11)
@Log: Active save was saved to disk. (11)
@Log: Fetching lights for level "20-05" ... (11)
@Log: Lights fetched for level "20-05", 1 light found. (11)
@Log: Loaded map Shattered (20-05, ../worlds/maps/20-05), took 1ms. (11)
@Log: Loading map ../worlds/maps/20-05 ... (11)
@Log: Loading map files took 0ms. (11)
@Warning: Tried to load image(s) from path res/gui/icons/20_05, the resolved path res/gui/icons/20_05.png however does not exist. (11)
@Warning: Couldn't load level icon for 20-05. (11)
@Log: Fetching lights for level "20-05" ... (11)
@Log: Lights fetched for level "20-05", 1 light found. (11)
@Log: Pre-simulating particles for 45000.0ms (300 x 150.0ms)... (11)
@Log: Particle pre-simulation complete. Particles are now ahead of time by 45000.0ms. (11)
@Log: Active save was saved to disk. (11)
@Log: Loaded 20-05 (took 3ms). (11)
@Log: Play sound JUMP at volume 0.0, pitch 1.0 and pan 0.0 (once). (11)
@Log: Play sound JUMP at volume 0.0, pitch 1.0 and pan 0.0 (once). (11)

 -- Last 20 Input Events -- 
Key down: O (43) (344074ms ago)
Key up: O (43) (344024ms ago)
Key down: O (43) (343924ms ago)
Key up: O (43) (343857ms ago)
Touch down: 0 (pointer: 0) at x:1075 y: 479 (299467ms ago)
Touch dragged: pointer: 0 at x:1063 y: 463 (299457ms ago)
Touch up: 0 (pointer: 0) at x:1063 y: 463 (299407ms ago)
Key down: O (43) (299191ms ago)
Key up: O (43) (299041ms ago)
Key down: O (43) (298491ms ago)
Key up: O (43) (298457ms ago)
Key down: O (43) (298341ms ago)
Key up: O (43) (298274ms ago)
Touch down: 0 (pointer: 0) at x:1320 y: 407 (197153ms ago)
Touch up: 0 (pointer: 0) at x:1320 y: 407 (197120ms ago)
Key down: O (43) (196270ms ago)
Key up: O (43) (196186ms ago)
Touch down: 0 (pointer: 0) at x:1088 y: 426 (356ms ago)
Touch up: 0 (pointer: 0) at x:1088 y: 426 (323ms ago)
Key down: O (43) (6ms ago)
