 -- General -- 
Generated on: 2016-05-09_16-04-02
Build: 722 from 08:02 PM - 08/05/16
GameState: MAP_EDITOR (previous: IN_LEVEL)
Target FPS: 60
Actual FPS: 61

 -- Display -- 
Target Width / Height: 1920 / 1080
Actual Width / Height: 1920 / 1017 (windowed)

 -- Environment -- 
GPU: GeForce GTX 980 Ti/PCIe/SSE2 (NVIDIA Corporation)
OpenGL Version: 4.5.0 NVIDIA 361.43
Allocated Memory: 15MB
Used Memory: 1MB
"os.name": Windows 10
"os.version": 10.0
"os.arch": x86
"java.version": 1.8.0_66
"java.vendor": Oracle Corporation
"sun.arch.data.model": 32

 -- Level --
ID: test (internal: unknown)
LevelType: TIME_SCALE
Dimension: COLORED
Location: ../worlds/maps/test

 -- Stack Trace -- 
java.lang.IllegalArgumentException: Error compiling shader: 0(39) : error C1118: "break" not in loop

com.unlogical.colored.util.ShaderHandler.createOutlineBlurShader(ShaderHandler.java:464)
com.unlogical.colored.util.ShaderHandler.updateAndRender(ShaderHandler.java:263)
com.unlogical.colored.mapeditor.MapEditor.render(MapEditor.java:1409)
com.unlogical.colored.GameLauncher.render(GameLauncher.java:489)
com.badlogic.gdx.backends.lwjgl.LwjglApplication.mainLoop(LwjglApplication.java:218)
com.badlogic.gdx.backends.lwjgl.LwjglApplication$1.run(LwjglApplication.java:123)

 -- Last 20 Log Entries -- 
@Log: Compiled outline blur shader. (11)
@Log: Compiled outline blur shader. (11)
@Log: Compiled outline blur shader. (11)
@Log: Compiled outline blur shader. (11)
@Log: Clicked "Add Entity" and called its onClick(). (11)
@Log: Play sound MENU_CLICK at volume 0.0, pitch 1.0 and pan 0.0 (once). (11)
@Log: Clicked "Save" and called its onClick(). (11)
@Log: Play sound MENU_CLICK at volume 0.0, pitch 1.0 and pan 0.0 (once). (11)
@Log: Compiled outline blur shader. (11)
@Log: Compiled outline blur shader. (11)
@Log: Compiled outline blur shader. (11)
@Log: Compiled outline blur shader. (11)
@Log: Compiled outline blur shader. (11)
@Log: Compiled outline blur shader. (11)
@Log: Compiled outline blur shader. (11)
@Log: Compiled outline blur shader. (11)
@Log: Compiled outline blur shader. (11)
@Log: Compiled outline blur shader. (11)
@Log: Compiled outline blur shader. (11)
@Log: Compiled outline blur shader. (11)

 -- Last 20 Input Events -- 
Key up: O (43) (107920ms ago)
Key down: O (43) (107820ms ago)
Key up: O (43) (107770ms ago)
Key down: O (43) (107670ms ago)
Key up: O (43) (107620ms ago)
Key down: O (43) (107520ms ago)
Key up: O (43) (107470ms ago)
Key down: O (43) (107353ms ago)
Touch down: 0 (pointer: 0) at x:915 y: 685 (73668ms ago)
Touch up: 0 (pointer: 0) at x:915 y: 684 (73603ms ago)
Key down: O (43) (73352ms ago)
Key up: O (43) (73253ms ago)
Key down: O (43) (72969ms ago)
Key up: O (43) (72903ms ago)
Key down: O (43) (72820ms ago)
Key up: O (43) (72753ms ago)
Key down: O (43) (72669ms ago)
Key up: O (43) (72603ms ago)
Touch down: 0 (pointer: 0) at x:1519 y: 681 (67ms ago)
Key down: O (43) (33ms ago)
