 -- General -- 
Generated on: 2016-05-08_20-43-05
Build: 722 from 08:02 PM - 08/05/16
GameState: MAP_EDITOR (previous: IN_LEVEL)
Target FPS: 60
Actual FPS: 61

 -- Display -- 
Target Width / Height: 1920 / 1080
Actual Width / Height: 1920 / 1053 (windowed)

 -- Environment -- 
GPU: GeForce GTX 980 Ti/PCIe/SSE2 (NVIDIA Corporation)
OpenGL Version: 4.5.0 NVIDIA 361.43
Allocated Memory: 15MB
Used Memory: 0MB
"os.name": Windows 10
"os.version": 10.0
"os.arch": x86
"java.version": 1.8.0_66
"java.vendor": Oracle Corporation
"sun.arch.data.model": 32

 -- Level --
ID: test (internal: unknown)
LevelType: TIME_SCALE
Dimension: COLORED
Location: ../worlds/maps/test

 -- Stack Trace -- 
java.lang.IllegalArgumentException: Error compiling shader: 0(38) : error C1008: undefined variable "color"

com.unlogical.colored.util.ShaderHandler.createOutlineBlurShader(ShaderHandler.java:452)
com.unlogical.colored.util.ShaderHandler.updateAndRender(ShaderHandler.java:263)
com.unlogical.colored.mapeditor.MapEditor.render(MapEditor.java:1409)
com.unlogical.colored.GameLauncher.render(GameLauncher.java:489)
com.badlogic.gdx.backends.lwjgl.LwjglApplication.mainLoop(LwjglApplication.java:218)
com.badlogic.gdx.backends.lwjgl.LwjglApplication$1.run(LwjglApplication.java:123)

 -- Last 20 Log Entries -- 
@Warning: Unable to load music "unknown": java.lang.NullPointerException: MainMusic cannot be null (11)
@Warning: Unable to play music "unknown". (11)
@Log: Loaded map Test (test, ../worlds/maps/test), took 5ms. (11)
@Log: Loading map ../worlds/maps/test ... (11)
@Log: Loading map files took 1ms. (11)
@Warning: Tried to load image(s) from path res/gui/icons/test, the resolved path res/gui/icons/test.png however does not exist. (11)
@Warning: Couldn't load level icon for test. (11)
@Warning: Unable to load music "unknown": java.lang.NullPointerException: MainMusic cannot be null (11)
@Warning: Unable to play music "unknown". (11)
@Log: Fetching lights for level "test" ... (11)
@Log: Lights fetched for level "test", 1 light found. (11)
@Log: Pre-simulating particles for 45000.0ms (300 x 150.0ms)... (11)
@Log: Particle pre-simulation complete. Particles are now ahead of time by 45000.0ms. (11)
@Log: Active save was saved to disk. (11)
@Log: Loaded test (took 8ms). (11)
@Log: Fetching lights for level "test" ... (11)
@Log: Lights fetched for level "test", 1 light found. (11)
@Warning: Unable to load music "unknown": java.lang.NullPointerException: MainMusic cannot be null (11)
@Warning: Unable to play music "unknown". (11)
@Log: Loaded map Test (test, ../worlds/maps/test), took 5ms. (11)

 -- Last 20 Input Events -- 
Touch dragged: pointer: 0 at x:1186 y: 337 (52054ms ago)
Touch down: 0 (pointer: 0) at x:1560 y: 419 (17472ms ago)
Touch up: 0 (pointer: 0) at x:1560 y: 419 (17404ms ago)
Key down: O (43) (17204ms ago)
Key up: O (43) (17104ms ago)
Key down: O (43) (16754ms ago)
Key up: O (43) (16671ms ago)
Key down: O (43) (16571ms ago)
Key up: O (43) (16504ms ago)
Key down: O (43) (16421ms ago)
Key up: O (43) (16354ms ago)
Key down: O (43) (16271ms ago)
Key up: O (43) (16204ms ago)
Key down: O (43) (16154ms ago)
Key up: O (43) (16087ms ago)
Key down: O (43) (16021ms ago)
Key up: O (43) (15937ms ago)
Touch down: 0 (pointer: 0) at x:1253 y: 428 (138ms ago)
Touch up: 0 (pointer: 0) at x:1253 y: 428 (87ms ago)
Key down: O (43) (21ms ago)
