 -- General -- 
Generated on: 2016-05-09_21-03-21
Build: 723 from 08:02 PM - 09/05/16
GameState: MAP_EDITOR (previous: MAP_EDITOR_MENU)
Target FPS: 60
Actual FPS: 61

 -- Display -- 
Target Width / Height: 1920 / 1080
Actual Width / Height: 1920 / 1017 (windowed)

 -- Environment -- 
GPU: GeForce GTX 980 Ti/PCIe/SSE2 (NVIDIA Corporation)
OpenGL Version: 4.5.0 NVIDIA 361.43
Allocated Memory: 15MB
Used Memory: 0MB
"os.name": Windows 10
"os.version": 10.0
"os.arch": x86
"java.version": 1.8.0_66
"java.vendor": Oracle Corporation
"sun.arch.data.model": 32

 -- Level --
ID: test (internal: unknown)
LevelType: TIME_SCALE
Dimension: COLORED
Location: ../worlds/maps/test

 -- Stack Trace -- 
java.lang.IllegalArgumentException: Error compiling shader: 0(34) : error C1008: undefined variable "ix"
0(34) : error C1008: undefined variable "iy"

com.unlogical.colored.util.ShaderHandler.createOutlineBlurShader(ShaderHandler.java:456)
com.unlogical.colored.util.ShaderHandler.updateAndRender(ShaderHandler.java:263)
com.unlogical.colored.mapeditor.MapEditor.render(MapEditor.java:1409)
com.unlogical.colored.GameLauncher.render(GameLauncher.java:489)
com.badlogic.gdx.backends.lwjgl.LwjglApplication.mainLoop(LwjglApplication.java:218)
com.badlogic.gdx.backends.lwjgl.LwjglApplication$1.run(LwjglApplication.java:123)

 -- Last 20 Log Entries -- 
@Log: Fetching lights for level "20-03" ... (11)
@Log: Lights fetched for level "20-03", 9 lights found. (11)
@Log: Loaded map Up (20-03, ../worlds/maps/20-03), took 49ms. (11)
@Log: Play sound MENU_CLICK at volume 0.0, pitch 1.0 and pan 0.0 (once). (11)
@Log: Play sound MENU_CLICK at volume 0.0, pitch 1.0 and pan 0.0 (once). (11)
@Log: Fetching lights for level "templates" ... (11)
@Log: Lights fetched for level "templates", 0 lights found. (11)
@Warning: Unable to load music "unknown": java.lang.RuntimeException: Main music for "unknown_colored" not found (11)
@Warning: Unable to play music "unknown". (11)
@Log: Loaded map Templates (templates, ../worlds/maps/templates), took 34ms. (11)
@Log: Play sound MENU_CLICK at volume 0.0, pitch 1.0 and pan 0.0 (once). (11)
@Log: Play sound MENU_CLICK at volume 0.0, pitch 1.0 and pan 0.0 (once). (11)
@Log: Fetching lights for level "test" ... (11)
@Log: Lights fetched for level "test", 2 lights found. (11)
@Warning: Unable to load music "unknown": java.lang.RuntimeException: Main music for "unknown_colored" not found (11)
@Warning: Unable to play music "unknown". (11)
@Log: Loaded map Test (test, ../worlds/maps/test), took 14ms. (11)
@Log: Compiled outline blur shader. (11)
@Log: Compiled outline blur shader. (11)
@Log: Compiled outline blur shader. (11)

 -- Last 20 Input Events -- 
Touch down: 0 (pointer: 0) at x:1536 y: 555 (580748ms ago)
Touch up: 0 (pointer: 0) at x:1536 y: 555 (580698ms ago)
Touch down: 0 (pointer: 0) at x:1490 y: 552 (326460ms ago)
Touch up: 0 (pointer: 0) at x:1490 y: 552 (326412ms ago)
Key down: O (43) (326312ms ago)
Key up: O (43) (326246ms ago)
Touch down: 0 (pointer: 0) at x:1585 y: 576 (61126ms ago)
Touch up: 0 (pointer: 0) at x:1585 y: 576 (61059ms ago)
Key down: A (29) (60976ms ago)
Key up: A (29) (60859ms ago)
Key down: D (32) (60843ms ago)
Key up: D (32) (60726ms ago)
Key down: L-Ctrl (129) (60392ms ago)
Key down: D (32) (60376ms ago)
Key up: D (32) (60276ms ago)
Key down: A (29) (60025ms ago)
Key up: A (29) (59943ms ago)
Touch down: 0 (pointer: 0) at x:1169 y: 578 (321ms ago)
Touch up: 0 (pointer: 0) at x:1169 y: 578 (250ms ago)
Key down: O (43) (17ms ago)
