 -- General -- 
Generated on: 2016-05-10_18-19-15
Build: 724 from 05:12 PM - 10/05/16
GameState: MAP_EDITOR (previous: IN_LEVEL)
Target FPS: 60
Actual FPS: 60

 -- Display -- 
Target Width / Height: 1920 / 1080
Actual Width / Height: 1920 / 1017 (windowed)

 -- Environment -- 
GPU: GeForce GTX 980 Ti/PCIe/SSE2 (NVIDIA Corporation)
OpenGL Version: 4.5.0 NVIDIA 361.43
Allocated Memory: 15MB
Used Memory: 0MB
"os.name": Windows 10
"os.version": 10.0
"os.arch": x86
"java.version": 1.8.0_66
"java.vendor": Oracle Corporation
"sun.arch.data.model": 32

 -- Level --
ID: 20-02 (internal: 02)
LevelType: NORMAL
Dimension: COLORED
Location: ../worlds/maps/20-02

 -- Stack Trace -- 
java.lang.RuntimeException: Currently in session levelmng, cannot end update
com.unlogical.colored.profiling.Profiling.endSection(Profiling.java:61)
com.unlogical.colored.GameLauncher.render(GameLauncher.java:460)
com.badlogic.gdx.backends.lwjgl.LwjglApplication.mainLoop(LwjglApplication.java:218)
com.badlogic.gdx.backends.lwjgl.LwjglApplication$1.run(LwjglApplication.java:123)

 -- Last 20 Log Entries -- 
@Log: SaveState 2.dat found and read successfully. (11)
@Log: Initializing story handler... (11)
@Log: Initializing credits screen... (11)
@Log: Resizing contents to current window size... (11)
@Log: Finished loading, took 648ms. (11)
@Log: Loading map ../worlds/maps/20-02 ... (11)
@Log: Loading map files took 214ms. (11)
@Log: Active save was saved to disk. (11)
@Log: Level 20-02 cleared. (11)
@Warning: Tried to load image(s) from path res/gui/icons/20_02, the resolved path res/gui/icons/20_02.png however does not exist. (11)
@Warning: Couldn't load level icon for 20-02. (11)
@Log: Fetching lights for level "20-02" ... (11)
@Log: Lights fetched for level "20-02", 7 lights found. (11)
@Log: Pre-simulating particles for 45000.0ms (300 x 150.0ms)... (11)
@Log: Particle pre-simulation complete. Particles are now ahead of time by 45000.0ms. (11)
@Log: Active save was saved to disk. (11)
@Log: Loaded 20-02 (took 319ms). (11)
@Log: Fetching lights for level "20-02" ... (11)
@Log: Lights fetched for level "20-02", 7 lights found. (11)
@Log: Loaded map Easy Steps (20-02, ../worlds/maps/20-02), took 50ms. (11)

 -- Last 5 Input Events -- 
Key down: L-Alt (57) (16331ms ago)
Key down: P (44) (16200ms ago)
Key up: P (44) (16100ms ago)
Key up: L-Alt (57) (15833ms ago)
Key down: F11 (254) (67ms ago)
