 -- General -- 
Generated on: 2016-05-12_15-48-09
Build: 727 from 02:49 PM - 12/05/16
GameState: IN_LEVEL (previous: LOADING)
Target FPS: 60
Actual FPS: 61

 -- Display -- 
Target Width / Height: 1920 / 1080
Actual Width / Height: 1920 / 1017 (windowed)

 -- Environment -- 
GPU: GeForce GTX 980 Ti/PCIe/SSE2 (NVIDIA Corporation)
OpenGL Version: 4.5.0 NVIDIA 361.43
Allocated Memory: 15MB
Used Memory: 6MB
"os.name": Windows 10
"os.version": 10.0
"os.arch": x86
"java.version": 1.8.0_66
"java.vendor": Oracle Corporation
"sun.arch.data.model": 32

 -- Level --
ID: 23-01 (internal: 01)
LevelType: FROZEN
Dimension: COLORED
Location: ../worlds/maps/23-01

 -- Stack Trace -- 
java.lang.ArrayIndexOutOfBoundsException: -14
com.unlogical.colored.util.LevelObject.drawTrailImage(LevelObject.java:477)
com.unlogical.colored.terrain.TerrainObject.drawTextured(TerrainObject.java:276)
com.unlogical.colored.terrain.TerrainObject.draw(TerrainObject.java:212)
com.unlogical.colored.levelmanaging.MapManager.drawTile(MapManager.java:953)
com.unlogical.colored.levelmanaging.MapManager.renderForeground(MapManager.java:936)
com.unlogical.colored.levelmanaging.LevelManager.renderGeometry(LevelManager.java:1229)
com.unlogical.colored.levelmanaging.LevelManager.render(LevelManager.java:1174)
com.unlogical.colored.GameLauncher.render(GameLauncher.java:501)
com.badlogic.gdx.backends.lwjgl.LwjglApplication.mainLoop(LwjglApplication.java:218)
com.badlogic.gdx.backends.lwjgl.LwjglApplication$1.run(LwjglApplication.java:123)

 -- Last 20 Log Entries -- 
@Log: Initialising levelrenderer... (11)
@Log: Initializing menus... (11)
@Log: SaveState 1.dat found and read successfully. (11)
@Log: SaveState 2.dat found and read successfully. (11)
@Log: Initializing story handler... (11)
@Log: Initializing credits screen... (11)
@Log: Resizing contents to current window size... (11)
@Log: Finished loading, took 630ms. (11)
@Log: Loading map ../worlds/maps/23-01 ... (11)
@Log: Loading map files took 6ms. (11)
@Warning: Tried to load image(s) from path res/gui/icons/23_01, the resolved path res/gui/icons/23_01.png however does not exist. (11)
@Warning: Couldn't load level icon for 23-01. (11)
@Warning: Unable to load music "23": java.lang.RuntimeException: Main music for "23_colored" not found (11)
@Warning: Unable to play music "23". (11)
@Log: Fetching lights for level "23-01" ... (11)
@Log: Lights fetched for level "23-01", 1 light found. (11)
@Log: Pre-simulating particles for 45000.0ms (300 x 150.0ms)... (11)
@Log: Particle pre-simulation complete. Particles are now ahead of time by 45000.0ms. (11)
@Log: Active save was saved to disk. (11)
@Log: Loaded 23-01 (took 81ms). (11)

 -- Last 3 Input Events -- 
Touch up: 0 (pointer: 0) at x:266 y: 193 (10997ms ago)
Touch down: 0 (pointer: 0) at x:1848 y: 341 (8070ms ago)
Touch up: 0 (pointer: 0) at x:1848 y: 341 (8008ms ago)
