 -- General -- 
Generated on: 2016-05-12_15-58-38
Build: 727 from 02:49 PM - 12/05/16
GameState: IN_LEVEL (previous: LOADING)
Target FPS: 60
Actual FPS: 61

 -- Display -- 
Target Width / Height: 1920 / 1080
Actual Width / Height: 1920 / 1017 (windowed)

 -- Environment -- 
GPU: GeForce GTX 980 Ti/PCIe/SSE2 (NVIDIA Corporation)
OpenGL Version: 4.5.0 NVIDIA 361.43
Allocated Memory: 15MB
Used Memory: 6MB
"os.name": Windows 10
"os.version": 10.0
"os.arch": x86
"java.version": 1.8.0_66
"java.vendor": Oracle Corporation
"sun.arch.data.model": 32

 -- Level --
ID: 23-01 (internal: 01)
LevelType: FROZEN
Dimension: COLORED
Location: ../worlds/maps/23-01

 -- Stack Trace -- 
java.lang.ArrayIndexOutOfBoundsException: -63
com.unlogical.colored.util.LevelObject.drawTrailImage(LevelObject.java:477)
com.unlogical.colored.terrain.TerrainObject.drawTextured(TerrainObject.java:276)
com.unlogical.colored.terrain.TerrainObject.draw(TerrainObject.java:212)
com.unlogical.colored.levelmanaging.MapManager.drawTile(MapManager.java:953)
com.unlogical.colored.levelmanaging.MapManager.renderBackground(MapManager.java:906)
com.unlogical.colored.levelmanaging.LevelManager.renderGeometry(LevelManager.java:1225)
com.unlogical.colored.levelmanaging.LevelManager.render(LevelManager.java:1174)
com.unlogical.colored.GameLauncher.render(GameLauncher.java:501)
com.badlogic.gdx.backends.lwjgl.LwjglApplication.mainLoop(LwjglApplication.java:218)
com.badlogic.gdx.backends.lwjgl.LwjglApplication$1.run(LwjglApplication.java:123)

 -- Last 20 Log Entries -- 
@Log: Particle pre-simulation complete. Particles are now ahead of time by 45000.0ms. (11)
@Log: Active save was saved to disk. (11)
@Log: Loaded 23-01 (took 84ms). (11)
@Log: --- NEW UPDATE FRAME (16) --- (11)
@Log: --- NEW UPDATE FRAME (17) --- (11)
@Log: --- NEW UPDATE FRAME (17) --- (11)
@Log: --- NEW UPDATE FRAME (17) --- (11)
@Log: --- NEW UPDATE FRAME (17) --- (11)
@Log: --- NEW UPDATE FRAME (17) --- (11)
@Log: --- NEW UPDATE FRAME (16) --- (11)
@Log: --- NEW UPDATE FRAME (17) --- (11)
@Log: --- NEW UPDATE FRAME (17) --- (11)
@Log: --- NEW UPDATE FRAME (17) --- (11)
@Log: --- NEW UPDATE FRAME (16) --- (11)
@Log: --- NEW UPDATE FRAME (17) --- (11)
@Log: --- NEW UPDATE FRAME (16) --- (11)
@Log: Play sound JUMP at volume 0.0, pitch 1.0 and pan 0.0 (once). (11)
@Log: --- NEW UPDATE FRAME (17) --- (11)
@Log: --- NEW UPDATE FRAME (16) --- (11)
@Log: Play sound JUMP at volume 0.0, pitch 1.0 and pan 0.0 (once). (11)

 -- Last 20 Input Events -- 
Key down: L-Ctrl (129) (15272ms ago)
Key down: F (34) (15256ms ago)
Key up: L-Ctrl (129) (15156ms ago)
Touch down: 0 (pointer: 0) at x:1627 y: 619 (13730ms ago)
Touch up: 0 (pointer: 0) at x:1627 y: 619 (13689ms ago)
Key down: L-Ctrl (129) (13672ms ago)
Key down: F (34) (13639ms ago)
Key up: L-Ctrl (129) (13556ms ago)
Key down: D (32) (13389ms ago)
Key typed: d (charcode: 100) (12972ms ago)
Key typed: d (charcode: 100) (12872ms ago)
Key typed: d (charcode: 100) (12756ms ago)
Key typed: d (charcode: 100) (12656ms ago)
Key down: Space (62) (12639ms ago)
Key up: Space (62) (12489ms ago)
Key up: D (32) (12439ms ago)
Key down: Delete (67) (12372ms ago)
Key up: Delete (67) (12289ms ago)
Key down: Up (19) (11539ms ago)
Key up: Up (19) (11422ms ago)
