 -- General -- 
Generated on: 2016-05-12_16-16-12
Build: 727 from 02:49 PM - 12/05/16
GameState: IN_LEVEL (previous: LOADING)
Target FPS: 60
Actual FPS: 60

 -- Display -- 
Target Width / Height: 1920 / 1080
Actual Width / Height: 1920 / 1017 (windowed)

 -- Environment -- 
GPU: GeForce GTX 980 Ti/PCIe/SSE2 (NVIDIA Corporation)
OpenGL Version: 4.5.0 NVIDIA 361.43
Allocated Memory: 15MB
Used Memory: 10MB
"os.name": Windows 10
"os.version": 10.0
"os.arch": x86
"java.version": 1.8.0_66
"java.vendor": Oracle Corporation
"sun.arch.data.model": 32

 -- Level --
ID: 20-02 (internal: 02)
LevelType: NORMAL
Dimension: COLORED
Location: ../worlds/maps/20-02

 -- Stack Trace -- 
java.lang.ArrayIndexOutOfBoundsException: -31
com.unlogical.colored.util.LevelObject.drawTrailImage(LevelObject.java:477)
com.unlogical.colored.entity.Entity.drawTextured(Entity.java:2076)
com.unlogical.colored.entity.Entity.drawTextured(Entity.java:2032)
com.unlogical.colored.entity.Entity.draw(Entity.java:2007)
com.unlogical.colored.levelmanaging.EntityManager.renderEntity(EntityManager.java:52)
com.unlogical.colored.levelmanaging.EntityManager.renderEntities(EntityManager.java:43)
com.unlogical.colored.levelmanaging.LevelManager.renderGeometry(LevelManager.java:1227)
com.unlogical.colored.levelmanaging.LevelManager.render(LevelManager.java:1174)
com.unlogical.colored.GameLauncher.render(GameLauncher.java:501)
com.badlogic.gdx.backends.lwjgl.LwjglApplication.mainLoop(LwjglApplication.java:218)
com.badlogic.gdx.backends.lwjgl.LwjglApplication$1.run(LwjglApplication.java:123)

 -- Last 20 Log Entries -- 
@Log: --- NEW UPDATE FRAME (16) --- (11)
@Log: --- NEW UPDATE FRAME (16) --- (11)
@Log: --- NEW UPDATE FRAME (16) --- (11)
@Log: --- NEW UPDATE FRAME (16) --- (11)
@Log: --- NEW UPDATE FRAME (16) --- (11)
@Log: --- NEW UPDATE FRAME (13) --- (11)
@Log: --- NEW UPDATE FRAME (16) --- (11)
@Log: --- NEW UPDATE FRAME (16) --- (11)
@Log: --- NEW UPDATE FRAME (16) --- (11)
@Log: --- NEW UPDATE FRAME (16) --- (11)
@Log: --- NEW UPDATE FRAME (13) --- (11)
@Log: --- NEW UPDATE FRAME (16) --- (11)
@Log: --- NEW UPDATE FRAME (16) --- (11)
@Log: --- NEW UPDATE FRAME (16) --- (11)
@Log: --- NEW UPDATE FRAME (20) --- (11)
@Log: --- NEW UPDATE FRAME (16) --- (11)
@Log: --- NEW UPDATE FRAME (16) --- (11)
@Log: --- NEW UPDATE FRAME (16) --- (11)
@Log: Play sound JUMP at volume 0.0, pitch 1.0 and pan 0.0 (once). (11)
@Log: Play sound JUMP at volume 0.0, pitch 1.0 and pan 0.0 (once). (11)

 -- Last 20 Input Events -- 
Key down: Down (20) (46241ms ago)
Key up: Down (20) (46090ms ago)
Key down: Up (19) (45657ms ago)
Key up: Up (19) (45541ms ago)
Touch down: 0 (pointer: 0) at x:1716 y: 779 (42755ms ago)
Touch up: 0 (pointer: 0) at x:1714 y: 779 (42674ms ago)
Key down: F3 (246) (42524ms ago)
Key up: F3 (246) (42457ms ago)
Key down: F3 (246) (42091ms ago)
Key up: F3 (246) (42024ms ago)
Key down: P (44) (40990ms ago)
Key up: P (44) (40907ms ago)
Key down: P (44) (25774ms ago)
Key up: P (44) (25623ms ago)
Key down: P (44) (25374ms ago)
Key up: P (44) (25290ms ago)
Key down: P (44) (24390ms ago)
Key up: P (44) (24307ms ago)
Touch down: 0 (pointer: 0) at x:1467 y: 432 (22538ms ago)
Touch up: 0 (pointer: 0) at x:1467 y: 432 (22490ms ago)
