 -- General -- 
Generated on: 2016-05-12_15-45-37
Build: 727 from 02:49 PM - 12/05/16
GameState: IN_LEVEL (previous: LOADING)
Target FPS: 60
Actual FPS: 28

 -- Display -- 
Target Width / Height: 1920 / 1080
Actual Width / Height: 1920 / 1053 (windowed)

 -- Environment -- 
GPU: GeForce GTX 980 Ti/PCIe/SSE2 (NVIDIA Corporation)
OpenGL Version: 4.5.0 NVIDIA 361.43
Allocated Memory: 15MB
Used Memory: 8MB
"os.name": Windows 10
"os.version": 10.0
"os.arch": x86
"java.version": 1.8.0_66
"java.vendor": Oracle Corporation
"sun.arch.data.model": 32

 -- Level --
ID: 23-01 (internal: 01)
LevelType: FROZEN
Dimension: COLORED
Location: ../worlds/maps/23-01

 -- Stack Trace -- 
java.lang.ArrayIndexOutOfBoundsException: -9
com.unlogical.colored.util.LevelObject.drawTrailImage(LevelObject.java:481)
com.unlogical.colored.terrain.TerrainObject.drawTextured(TerrainObject.java:276)
com.unlogical.colored.terrain.TerrainObject.draw(TerrainObject.java:212)
com.unlogical.colored.levelmanaging.MapManager.drawTile(MapManager.java:953)
com.unlogical.colored.levelmanaging.MapManager.renderForeground(MapManager.java:936)
com.unlogical.colored.levelmanaging.LevelManager.renderGeometry(LevelManager.java:1229)
com.unlogical.colored.levelmanaging.LevelManager.render(LevelManager.java:1174)
com.unlogical.colored.GameLauncher.render(GameLauncher.java:501)
com.badlogic.gdx.backends.lwjgl.LwjglApplication.mainLoop(LwjglApplication.java:218)
com.badlogic.gdx.backends.lwjgl.LwjglApplication$1.run(LwjglApplication.java:123)

 -- Last 20 Log Entries -- 
@Log: Initialising levelrenderer... (8)
@Log: Initializing menus... (8)
@Log: SaveState 1.dat found and read successfully. (8)
@Log: SaveState 2.dat found and read successfully. (8)
@Log: Initializing story handler... (8)
@Log: Initializing credits screen... (8)
@Log: Resizing contents to current window size... (8)
@Log: Finished loading, took 633ms. (8)
@Log: Loading map ../worlds/maps/23-01 ... (8)
@Log: Loading map files took 6ms. (8)
@Warning: Tried to load image(s) from path res/gui/icons/23_01, the resolved path res/gui/icons/23_01.png however does not exist. (8)
@Warning: Couldn't load level icon for 23-01. (8)
@Warning: Unable to load music "23": java.lang.RuntimeException: Main music for "23_colored" not found (8)
@Warning: Unable to play music "23". (8)
@Log: Fetching lights for level "23-01" ... (8)
@Log: Lights fetched for level "23-01", 1 light found. (8)
@Log: Pre-simulating particles for 45000.0ms (300 x 150.0ms)... (8)
@Log: Particle pre-simulation complete. Particles are now ahead of time by 45000.0ms. (8)
@Log: Active save was saved to disk. (8)
@Log: Loaded 23-01 (took 76ms). (8)

 -- Last 0 Input Events -- 
