 -- General -- 
Generated on: 2016-05-17_16-40-21
Build: 739 from 04:05 PM - 17/05/16
GameState: IN_LEVEL (previous: LOADING)
Target FPS: 60
Actual FPS: 29

 -- Display -- 
Target Width / Height: 1920 / 1080
Actual Width / Height: 1920 / 1053 (windowed)

 -- Environment -- 
GPU: GeForce GTX 980 Ti/PCIe/SSE2 (NVIDIA Corporation)
OpenGL Version: 4.5.0 NVIDIA 361.43
Allocated Memory: 123MB
Used Memory: 11MB
"os.name": Windows 10
"os.version": 10.0
"os.arch": x86
"java.version": 1.8.0_66
"java.vendor": Oracle Corporation
"sun.arch.data.model": 32

 -- Level --
ID: 21-02 (internal: 02)
LevelType: REVERSAL
Dimension: COLORED
Location: ../worlds/maps/21-02

 -- Stack Trace -- 
java.lang.IllegalArgumentException: sprite cannot be null.
com.badlogic.gdx.graphics.g2d.Sprite.set(Sprite.java:107)
com.badlogic.gdx.graphics.g2d.Sprite.<init>(Sprite.java:102)
com.badlogic.gdx.graphics.g2d.ParticleEmitter$Particle.<init>(ParticleEmitter.java:1013)
com.badlogic.gdx.graphics.g2d.ParticleEmitter.newParticle(ParticleEmitter.java:378)
com.badlogic.gdx.graphics.g2d.ParticleEmitter.activateParticle(ParticleEmitter.java:384)
com.badlogic.gdx.graphics.g2d.ParticleEmitter.addParticles(ParticleEmitter.java:171)
com.badlogic.gdx.graphics.g2d.ParticleEmitter.update(ParticleEmitter.java:218)
com.unlogical.colored.gui.menu.MenuHandler.update(MenuHandler.java:197)
com.unlogical.colored.GameLauncher.update(GameLauncher.java:387)
com.unlogical.colored.GameLauncher.render(GameLauncher.java:458)
com.badlogic.gdx.backends.lwjgl.LwjglApplication.mainLoop(LwjglApplication.java:218)
com.badlogic.gdx.backends.lwjgl.LwjglApplication$1.run(LwjglApplication.java:123)

 -- Last 20 Log Entries -- 
@Log: Initialising levelrenderer... (8)
@Log: Initializing menus... (8)
@Log: SaveState 1.dat found and read successfully. (8)
@Log: SaveState 2.dat found and read successfully. (8)
@Log: Initializing story handler... (8)
@Log: Initializing credits screen... (8)
@Log: Resizing contents to current window size... (8)
@Log: Finished loading, took 622ms. (8)
@Log: Loading map ../worlds/maps/21-02 ... (8)
@Log: Loading map files took 149ms. (8)
@Log: Active save was saved to disk. (8)
@Log: Level 21-02 cleared. (8)
@Warning: Tried to load image(s) from path res/gui/icons/21_02, the resolved path res/gui/icons/21_02.png however does not exist. (8)
@Warning: Couldn't load level icon for 21-02. (8)
@Log: Fetching lights for level "21-02" ... (8)
@Log: Lights fetched for level "21-02", 11 lights found. (8)
@Log: Pre-simulating particles for 45000.0ms (300 x 150.0ms)... (8)
@Log: Particle pre-simulation complete. Particles are now ahead of time by 45000.0ms. (8)
@Log: Active save was saved to disk. (8)
@Log: Loaded 21-02 (took 289ms). (8)

 -- Last 0 Input Events -- 
