 -- General -- 
Generated on: 2016-05-17_17-49-06
Build: 739 from 04:05 PM - 17/05/16
GameState: LOADING (previous: null)
Target FPS: 60
Actual FPS: 29

 -- Display -- 
Target Width / Height: 1920 / 1080
Actual Width / Height: 1920 / 1053 (windowed)

 -- Environment -- 
GPU: GeForce GTX 980 Ti/PCIe/SSE2 (NVIDIA Corporation)
OpenGL Version: 4.5.0 NVIDIA 361.43
Allocated Memory: 123MB
Used Memory: 29MB
"os.name": Windows 10
"os.version": 10.0
"os.arch": x86
"java.version": 1.8.0_66
"java.vendor": Oracle Corporation
"sun.arch.data.model": 32

 -- Stack Trace -- 
java.lang.RuntimeException: Error while loading: com.badlogic.gdx.utils.GdxRuntimeException: Couldn't load file: particle.png
com.unlogical.colored.util.LoadingHandler.loadNext(LoadingHandler.java:117)
com.unlogical.colored.GameLauncher.render(GameLauncher.java:531)
com.badlogic.gdx.backends.lwjgl.LwjglApplication.mainLoop(LwjglApplication.java:218)
com.badlogic.gdx.backends.lwjgl.LwjglApplication$1.run(LwjglApplication.java:123)
Caused by: com.badlogic.gdx.utils.GdxRuntimeException: Couldn't load file: particle.png
com.badlogic.gdx.graphics.Pixmap.<init>(Pixmap.java:148)
com.badlogic.gdx.graphics.TextureData$Factory.loadFromFile(TextureData.java:98)
com.badlogic.gdx.graphics.Texture.<init>(Texture.java:100)
com.badlogic.gdx.graphics.Texture.<init>(Texture.java:96)
com.badlogic.gdx.graphics.g2d.ParticleEffect.loadTexture(ParticleEffect.java:206)
com.badlogic.gdx.graphics.g2d.ParticleEffect.loadEmitterImages(ParticleEffect.java:198)
com.badlogic.gdx.graphics.g2d.ParticleEffect.load(ParticleEffect.java:138)
com.unlogical.colored.gui.menu.MenuHandler.init(MenuHandler.java:89)
com.unlogical.colored.util.LoadingHandler.loadNext(LoadingHandler.java:98)
com.unlogical.colored.GameLauncher.render(GameLauncher.java:531)
com.badlogic.gdx.backends.lwjgl.LwjglApplication.mainLoop(LwjglApplication.java:218)
com.badlogic.gdx.backends.lwjgl.LwjglApplication$1.run(LwjglApplication.java:123)
Caused by: com.badlogic.gdx.utils.GdxRuntimeException: File not found: particle.png (Local)
com.badlogic.gdx.files.FileHandle.read(FileHandle.java:136)
com.badlogic.gdx.files.FileHandle.readBytes(FileHandle.java:222)
com.badlogic.gdx.graphics.Pixmap.<init>(Pixmap.java:145)
com.badlogic.gdx.graphics.TextureData$Factory.loadFromFile(TextureData.java:98)
com.badlogic.gdx.graphics.Texture.<init>(Texture.java:100)
com.badlogic.gdx.graphics.Texture.<init>(Texture.java:96)
com.badlogic.gdx.graphics.g2d.ParticleEffect.loadTexture(ParticleEffect.java:206)
com.badlogic.gdx.graphics.g2d.ParticleEffect.loadEmitterImages(ParticleEffect.java:198)
com.badlogic.gdx.graphics.g2d.ParticleEffect.load(ParticleEffect.java:138)
com.unlogical.colored.gui.menu.MenuHandler.init(MenuHandler.java:89)
com.unlogical.colored.util.LoadingHandler.loadNext(LoadingHandler.java:98)
com.unlogical.colored.GameLauncher.render(GameLauncher.java:531)
com.badlogic.gdx.backends.lwjgl.LwjglApplication.mainLoop(LwjglApplication.java:218)
com.badlogic.gdx.backends.lwjgl.LwjglApplication$1.run(LwjglApplication.java:123)

 -- Last 20 Log Entries -- 
@Log: Loading resources... (1 / 3) (11)
@Log: Loading resources... (2 / 3) (11)
@Log: Loading resources... (3 / 3) (11)
@Log: Initializing shaders... (11)
@Log: Loading save states... (11)
@Log: SaveState 1.dat found and read successfully. (11)
@Log: SaveState 2.dat found and read successfully. (11)
@Log: Active save state selected, last accessed on Tue May 17 17:41:19 CEST 2016 (11)
@Log: Initializing animation handler... (11)
@Log: Fetching maps... (11)
@Log: Found world hub for world 20 at 20-05. (11)
@Log: Found world hub for world 21 at 21-08. (11)
@Log: Found world hub for world 22 at 22-08. (11)
@Log: Found world hub for world 23 at 23-09. (11)
@Log: Found world hub for world 24 at 24-10. (11)
@Log: Initializing map editor... (11)
@Log: Initialising levelrenderer... (11)
@Log: Initializing menus... (11)
@Log: SaveState 1.dat found and read successfully. (11)
@Log: SaveState 2.dat found and read successfully. (11)

 -- Last 0 Input Events -- 
