 -- General -- 
Generated on: 2016-05-29_19-58-05
Build: 747 from 06:02 PM - 29/05/16
GameState: LOADING (previous: null)
Target FPS: 60
Actual FPS: 29

 -- Display -- 
Target Width / Height: 1920 / 1080
Actual Width / Height: 1920 / 1053 (windowed)

 -- Environment -- 
GPU: GeForce GTX 980 Ti/PCIe/SSE2 (NVIDIA Corporation)
OpenGL Version: 4.5.0 NVIDIA 361.43
Allocated Memory: 123MB
Used Memory: 31MB
"os.name": Windows 10
"os.version": 10.0
"os.arch": x86
"java.version": 1.8.0_66
"java.vendor": Oracle Corporation
"sun.arch.data.model": 32

 -- Stack Trace -- 
java.lang.RuntimeException: lol error
com.unlogical.colored.GameLauncher.render(GameLauncher.java:463)
com.badlogic.gdx.backends.lwjgl.LwjglApplication.mainLoop(LwjglApplication.java:218)
com.badlogic.gdx.backends.lwjgl.LwjglApplication$1.run(LwjglApplication.java:123)

 -- Last 20 Log Entries -- 
@Log    : Loaded 23 sounds, took 136ms. (tid: 8)
@Log    : Fetching chapters / worlds... (tid: 8)
@Log    : Requesting available map files... (tid: 8)
@Log    : 47 found. (tid: 8)
@Log    : Loading resources, entity textures... (1 / 3) (tid: 8)
@Log    : Loading resources, terrain textures... (2 / 3) (tid: 8)
@Log    : Loading resources, misc... (3 / 3) (tid: 8)
@Log    : Initializing shaders... (tid: 8)
@Log    : Loading save states... (tid: 8)
@Log    : SaveState 1.dat found and read successfully. (tid: 8)
@Log    : SaveState 2.dat found and read successfully. (tid: 8)
@Log    : Active save state selected, last accessed on Sun May 29 19:56:04 CEST 2016 (tid: 8)
@Log    : Initializing animation handler... (tid: 8)
@Log    : Fetching maps... (tid: 8)
@Log    : Found world hub for world 20 at 20-05. (tid: 8)
@Log    : Found world hub for world 21 at 21-08. (tid: 8)
@Log    : Found world hub for world 22 at 22-08. (tid: 8)
@Log    : Found world hub for world 23 at 23-09. (tid: 8)
@Log    : Found world hub for world 24 at 24-10. (tid: 8)
@Log    : Initializing map editor... (tid: 8)

 -- Last 5 Input Events -- 
Touch down: 0 (pointer: 0) at x:755 y: 504 (1774ms ago)
Touch up: 0 (pointer: 0) at x:755 y: 504 (1693ms ago)
Touch down: 0 (pointer: 0) at x:755 y: 504 (1626ms ago)
Touch up: 0 (pointer: 0) at x:755 y: 504 (1543ms ago)
Key down: Numpad 0 (144) (3ms ago)
