 -- General -- 
Generated on: 2016-06-17_21-35-38
Build: 756 from 05:47 PM - 05/06/16
GameState: MAP_EDITOR (previous: IN_LEVEL)
Target FPS: 60
Actual FPS: 61

 -- Display -- 
Target Width / Height: 1920 / 1080
Actual Width / Height: 1920 / 1017 (windowed)

 -- Environment -- 
GPU: GeForce GTX 980 Ti/PCIe/SSE2 (NVIDIA Corporation)
OpenGL Version: 4.5.0 NVIDIA 361.43
Allocated Memory: 123MB
Used Memory: 6MB
"os.name": Windows 10
"os.version": 10.0
"os.arch": x86
"java.version": 1.8.0_66
"java.vendor": Oracle Corporation
"sun.arch.data.model": 32

 -- Level --
ID: 22-01 (internal: 01)
LevelType: TIME_SCALE
Dimension: COLORED
Location: ../worlds/maps/22-01

 -- Stack Trace -- 
java.lang.NullPointerException
com.unlogical.colored.gui.panel.SoundSourcePanel.shouldLockInput(SoundSourcePanel.java:88)
com.unlogical.colored.mapeditor.MapEditor.update(MapEditor.java:1581)
com.unlogical.colored.GameLauncher.update(GameLauncher.java:394)
com.unlogical.colored.GameLauncher.render(GameLauncher.java:460)
com.badlogic.gdx.backends.lwjgl.LwjglApplication.mainLoop(LwjglApplication.java:218)
com.badlogic.gdx.backends.lwjgl.LwjglApplication$1.run(LwjglApplication.java:123)

 -- Last 20 Log Entries -- 
@Log    : Play sound MENU_CLICK at volume 0.0, pitch 1.0 and pan -0.0282 (once). (tid: 12)
@Log    : Play sound MENU_CLICK at volume 0.0, pitch 1.0 and pan -0.0282 (once). (tid: 12)
@Log    : Play sound MENU_CLICK at volume 0.0, pitch 1.0 and pan -0.0282 (once). (tid: 12)
@Log    : Play sound MENU_CLICK at volume 0.0, pitch 1.0 and pan -0.0282 (once). (tid: 12)
@Log    : Play sound MENU_CLICK at volume 0.0, pitch 1.0 and pan -0.0282 (once). (tid: 12)
@Log    : Play sound MENU_CLICK at volume 0.0, pitch 1.0 and pan -0.0282 (once). (tid: 12)
@Log    : Play sound MENU_CLICK at volume 0.0, pitch 1.0 and pan -0.0282 (once). (tid: 12)
@Log    : Play sound MENU_CLICK at volume 0.0, pitch 1.0 and pan -0.0282 (once). (tid: 12)
@Log    : Play sound MENU_CLICK at volume 0.0, pitch 1.0 and pan -0.0282 (once). (tid: 12)
@Log    : Play sound MENU_CLICK at volume 0.0, pitch 1.0 and pan -0.0282 (once). (tid: 12)
@Log    : Play sound MENU_CLICK at volume 0.0, pitch 1.0 and pan -0.0282 (once). (tid: 12)
@Log    : Play sound MENU_CLICK at volume 0.0, pitch 1.0 and pan -0.0282 (once). (tid: 12)
@Log    : Play sound MENU_CLICK at volume 0.0, pitch 1.0 and pan -0.0282 (once). (tid: 12)
@Log    : Play sound MENU_CLICK at volume 0.0, pitch 1.0 and pan -0.0282 (once). (tid: 12)
@Log    : Play sound MENU_CLICK at volume 0.0, pitch 1.0 and pan -0.0282 (once). (tid: 12)
@Log    : Play sound MENU_CLICK at volume 0.0, pitch 1.0 and pan -0.0282 (once). (tid: 12)
@Log    : Fetching lights for level "22-01" ... (tid: 12)
@Log    : Lights fetched for level "22-01", 4 lights found. (tid: 12)
@Log    : Loaded map Perspective (22-01, ../worlds/maps/22-01), took 33ms. (tid: 12)
@Warning: Currently in session levelmng, cannot end update (tid: 12)

 -- Last 4 Input Events -- 
Touch down: 0 (pointer: 0) at x:998 y: 750 (496ms ago)
Touch up: 0 (pointer: 0) at x:998 y: 750 (435ms ago)
Key down: L-Ctrl (129) (234ms ago)
Key down: M (41) (52ms ago)
