 -- General -- 
Generated on: 2016-06-17_22-11-57
Build: 756 from 05:47 PM - 05/06/16
GameState: MAP_EDITOR (previous: IN_LEVEL)
Target FPS: 60
Actual FPS: 60

 -- Display -- 
Target Width / Height: 1920 / 1080
Actual Width / Height: 1920 / 1017 (windowed)

 -- Environment -- 
GPU: GeForce GTX 980 Ti/PCIe/SSE2 (NVIDIA Corporation)
OpenGL Version: 4.5.0 NVIDIA 361.43
Allocated Memory: 123MB
Used Memory: 6MB
"os.name": Windows 10
"os.version": 10.0
"os.arch": x86
"java.version": 1.8.0_66
"java.vendor": Oracle Corporation
"sun.arch.data.model": 32

 -- Level --
ID: 22-01 (internal: 01)
LevelType: TIME_SCALE
Dimension: COLORED
Location: ../worlds/maps/22-01

 -- Stack Trace -- 
java.lang.IllegalStateException: SpriteBatch.begin must be called before draw.
com.unlogical.colored.util.ExtendedSpriteBatch.draw(ExtendedSpriteBatch.java:766)
com.badlogic.gdx.graphics.g2d.BitmapFontCache.draw(BitmapFontCache.java:237)
com.badlogic.gdx.graphics.g2d.BitmapFont.draw(BitmapFont.java:191)
com.unlogical.colored.util.Renderer.drawString(Renderer.java:313)
com.unlogical.colored.gui.panel.SoundSourcePanel.customRender(SoundSourcePanel.java:176)
com.unlogical.colored.gui.panel.GUIPanel.render(GUIPanel.java:164)
com.unlogical.colored.mapeditor.MapEditor.render(MapEditor.java:1496)
com.unlogical.colored.GameLauncher.render(GameLauncher.java:499)
com.badlogic.gdx.backends.lwjgl.LwjglApplication.mainLoop(LwjglApplication.java:218)
com.badlogic.gdx.backends.lwjgl.LwjglApplication$1.run(LwjglApplication.java:123)

 -- Last 20 Log Entries -- 
@Log    : Play sound MENU_CLICK at volume 0.0, pitch 1.0 and pan -0.0282 (once). (tid: 12)
@Log    : Play sound MENU_CLICK at volume 0.0, pitch 1.0 and pan -0.0282 (once). (tid: 12)
@Log    : Play sound MENU_CLICK at volume 0.0, pitch 1.0 and pan -0.0282 (once). (tid: 12)
@Log    : Play sound MENU_CLICK at volume 0.0, pitch 1.0 and pan -0.0282 (once). (tid: 12)
@Log    : Play sound MENU_CLICK at volume 0.0, pitch 1.0 and pan -0.0282 (once). (tid: 12)
@Log    : Play sound MENU_CLICK at volume 0.0, pitch 1.0 and pan -0.0282 (once). (tid: 12)
@Log    : Play sound MENU_CLICK at volume 0.0, pitch 1.0 and pan -0.0282 (once). (tid: 12)
@Log    : Play sound MENU_CLICK at volume 0.0, pitch 1.0 and pan -0.0282 (once). (tid: 12)
@Log    : Play sound MENU_CLICK at volume 0.0, pitch 1.0 and pan -0.0282 (once). (tid: 12)
@Log    : Play sound MENU_CLICK at volume 0.0, pitch 1.0 and pan -0.0282 (once). (tid: 12)
@Log    : Play sound MENU_CLICK at volume 0.0, pitch 1.0 and pan -0.0282 (once). (tid: 12)
@Log    : Play sound MENU_CLICK at volume 0.0, pitch 1.0 and pan -0.0282 (once). (tid: 12)
@Log    : Play sound MENU_CLICK at volume 0.0, pitch 1.0 and pan -0.0282 (once). (tid: 12)
@Log    : Play sound MENU_CLICK at volume 0.0, pitch 1.0 and pan -0.0282 (once). (tid: 12)
@Log    : Play sound MENU_CLICK at volume 0.0, pitch 1.0 and pan -0.0282 (once). (tid: 12)
@Log    : Play sound MENU_CLICK at volume 0.0, pitch 1.0 and pan -0.0282 (once). (tid: 12)
@Log    : Fetching lights for level "22-01" ... (tid: 12)
@Log    : Lights fetched for level "22-01", 4 lights found. (tid: 12)
@Log    : Loaded map Perspective (22-01, ../worlds/maps/22-01), took 32ms. (tid: 12)
@Warning: Currently in session levelmng, cannot end update (tid: 12)

 -- Last 20 Input Events -- 
Touch up: 0 (pointer: 0) at x:400 y: 15 (5327ms ago)
Touch down: 0 (pointer: 0) at x:400 y: 15 (5227ms ago)
Touch up: 0 (pointer: 0) at x:400 y: 15 (5177ms ago)
Touch up: 0 (pointer: 0) at x:389 y: 1 (3574ms ago)
Key down: L-Ctrl (129) (2136ms ago)
Key down: N (42) (1953ms ago)
Key up: N (42) (1870ms ago)
Key down: M (41) (1537ms ago)
Key down: N (42) (1489ms ago)
Key up: N (42) (1422ms ago)
Key up: L-Ctrl (129) (1172ms ago)
Key down: Tab (61) (1022ms ago)
Key up: Tab (61) (955ms ago)
Key down: Tab (61) (855ms ago)
Key up: Tab (61) (805ms ago)
Key down: Tab (61) (722ms ago)
Key up: Tab (61) (655ms ago)
Key down: Tab (61) (572ms ago)
Key up: Tab (61) (505ms ago)
Touch down: 0 (pointer: 0) at x:256 y: 831 (5ms ago)
