 -- General -- 
Generated on: 2016-06-06_19-49-22
Build: 756 from 05:47 PM - 05/06/16
GameState: IN_LEVEL (previous: LOADING)
Target FPS: 60
Actual FPS: 28

 -- Display -- 
Target Width / Height: 1920 / 1080
Actual Width / Height: 1920 / 1053 (windowed)

 -- Environment -- 
GPU: GeForce GTX 980 Ti/PCIe/SSE2 (NVIDIA Corporation)
OpenGL Version: 4.5.0 NVIDIA 361.43
Allocated Memory: 123MB
Used Memory: 0MB
"os.name": Windows 10
"os.version": 10.0
"os.arch": x86
"java.version": 1.8.0_66
"java.vendor": Oracle Corporation
"sun.arch.data.model": 32

 -- Level --
ID: 21-01 (internal: 01)
LevelType: REVERSAL
Dimension: COLORED
Location: ../worlds/maps/21-01

 -- Stack Trace -- 
java.lang.NullPointerException
com.unlogical.colored.terrain.tile.TileBase.shouldRenderInGame(TileBase.java:71)
com.unlogical.colored.levelmanaging.MapManager.renderBehindAllEntities(MapManager.java:888)
com.unlogical.colored.levelmanaging.LevelManager.renderGeometry(LevelManager.java:1222)
com.unlogical.colored.levelmanaging.LevelManager.render(LevelManager.java:1177)
com.unlogical.colored.GameLauncher.render(GameLauncher.java:503)
com.badlogic.gdx.backends.lwjgl.LwjglApplication.mainLoop(LwjglApplication.java:218)
com.badlogic.gdx.backends.lwjgl.LwjglApplication$1.run(LwjglApplication.java:123)

 -- Last 20 Log Entries -- 
@Log    : Fetching maps... (tid: 12)
@Log    : Initializing map editor... (tid: 12)
@Log    : Initialising levelrenderer... (tid: 12)
@Log    : Initializing menus... (tid: 12)
@Log    : SaveState 1.dat found and read successfully. (tid: 12)
@Log    : SaveState 2.dat found and read successfully. (tid: 12)
@Log    : Initializing story handler... (tid: 12)
@Log    : Initializing credits screen... (tid: 12)
@Log    : Resizing contents to current window size... (tid: 12)
@Log    : Finished loading, took 636ms. (tid: 12)
@Log    : Loading map ../worlds/maps/21-01 ... (tid: 12)
@Log    : Loading map files took 141ms. (tid: 12)
@Warning: Tried to load image(s) from path res/gui/icons/21_01, the resolved path res/gui/icons/21_01.png however does not exist. (tid: 12)
@Warning: Couldn't load level icon for 21-01. (tid: 12)
@Log    : Fetching lights for level "21-01" ... (tid: 12)
@Log    : Lights fetched for level "21-01", 8 lights found. (tid: 12)
@Log    : Pre-simulating particles for 45000.0ms (300 x 150.0ms)... (tid: 12)
@Log    : Particle pre-simulation complete. Particles are now ahead of time by 45000.0ms. (tid: 12)
@Log    : Active save was saved to disk. (tid: 12)
@Log    : Loaded 21-01 (took 214ms). (tid: 12)

 -- Last 0 Input Events -- 
