 -- General -- 
Generated on: 2016-06-06_15-41-44
Build: 756 from 05:47 PM - 05/06/16
GameState: LOADING (previous: null)
Target FPS: 60
Actual FPS: 0

 -- Display -- 
Target Width / Height: 1920 / 1080
Actual Width / Height: 1920 / 1053 (windowed)

 -- Environment -- 
GPU: GeForce GTX 980 Ti/PCIe/SSE2 (NVIDIA Corporation)
OpenGL Version: 4.5.0 NVIDIA 361.43
Allocated Memory: 123MB
Used Memory: 76MB
"os.name": Windows 10
"os.version": 10.0
"os.arch": x86
"java.version": 1.8.0_66
"java.vendor": Oracle Corporation
"sun.arch.data.model": 32

 -- Stack Trace -- 
java.lang.RuntimeException: Error while loading: java.util.NoSuchElementException: No value mapping found for key "name" in [FileHandle: ../worlds/maps/23-01/config.yml].
com.unlogical.colored.util.LoadingHandler.loadNext(LoadingHandler.java:113)
com.unlogical.colored.GameLauncher.render(GameLauncher.java:548)
com.badlogic.gdx.backends.lwjgl.LwjglApplication.mainLoop(LwjglApplication.java:218)
com.badlogic.gdx.backends.lwjgl.LwjglApplication$1.run(LwjglApplication.java:123)
Caused by: java.util.NoSuchElementException: No value mapping found for key "name" in [FileHandle: ../worlds/maps/23-01/config.yml].
com.unlogical.colored.filesystem.ConfigFileHandler.checkKey(ConfigFileHandler.java:346)
com.unlogical.colored.filesystem.ConfigFileHandler.getString(ConfigFileHandler.java:320)
com.unlogical.colored.filesystem.organisation.MapOrganisation.getSaveState(MapOrganisation.java:94)
com.unlogical.colored.filesystem.organisation.MapOrganisation.getMaps(MapOrganisation.java:39)
com.unlogical.colored.level.Level.fetchChapters(Level.java:416)
com.unlogical.colored.util.LoadingHandler.loadNext(LoadingHandler.java:54)
com.unlogical.colored.GameLauncher.render(GameLauncher.java:548)
com.badlogic.gdx.backends.lwjgl.LwjglApplication.mainLoop(LwjglApplication.java:218)
com.badlogic.gdx.backends.lwjgl.LwjglApplication$1.run(LwjglApplication.java:123)

 -- Last 20 Log Entries -- 
@Log    : OpenGL Version: 4.5.0 NVIDIA 361.43 (tid: 15)
@Log    : Build: 756 from 05:47 PM - 05/06/16 (tid: 15)
@Log    : Loading settings... (tid: 15)
@Log    : Settings loaded. (tid: 15)
@Log    : Logos loaded. (tid: 15)
@Log    : Loading font "Chelsea.ttf" ... (tid: 15)
@Log    : TrueTypeFont loaded, took 185ms. (tid: 15)
@Log    : Calculating transition data... (tid: 15)
@Log    : Calculated 1000 factors with offset -0.009009009 and factor 1.0229156. (tid: 15)
@Log    : Initializing settings... (tid: 15)
@Log    : Initializing key bindings... (tid: 15)
@Log    : Loading sounds... (tid: 15)
@Warning: No sounds found for CANNON_SHOOT_BALL. (tid: 15)
@Warning: No sounds found for CANNON_SHOOT_CLOUD. (tid: 15)
@Warning: No sounds found for CANNON_SHOOT_CREATURE. (tid: 15)
@Warning: No sounds found for CLIMB. (tid: 15)
@Warning: No sounds found for BALL_HIT_WALL. (tid: 15)
@Log    : Loaded 12 sounds, took 242ms. (tid: 15)
@Log    : Fetching chapters / worlds... (tid: 15)
@Log    : Requesting available map files... (tid: 15)

 -- Last 0 Input Events -- 
