 -- General -- 
Generated on: 2016-06-18_11-24-38
Build: 757 from 11:16 PM - 17/06/16
GameState: MAP_EDITOR (previous: IN_LEVEL)
Target FPS: 60
Actual FPS: 61

 -- Display -- 
Target Width / Height: 1920 / 1080
Actual Width / Height: 1920 / 1017 (windowed)

 -- Environment -- 
GPU: GeForce GTX 980 Ti/PCIe/SSE2 (NVIDIA Corporation)
OpenGL Version: 4.5.0 NVIDIA 361.43
Allocated Memory: 123MB
Used Memory: 7MB
"os.name": Windows 10
"os.version": 10.0
"os.arch": x86
"java.version": 1.8.0_66
"java.vendor": Oracle Corporation
"sun.arch.data.model": 32

 -- Level --
ID: 22-01 (internal: 01)
LevelType: TIME_SCALE
Dimension: COLORED
Location: ../worlds/maps/22-01

 -- Stack Trace -- 
java.lang.IllegalArgumentException: No enum constant com.unlogical.colored.terrain.tile.TileSoundSource.SoundRangeType.STATIC
java.lang.Enum.valueOf(Enum.java:238)
com.unlogical.colored.terrain.tile.TileSoundSource$SoundRangeType.valueOf(TileSoundSource.java:1)
com.unlogical.colored.gui.panel.SoundSourcePanel$4.onClick(SoundSourcePanel.java:119)
com.unlogical.colored.gui.button.Button.update(Button.java:120)
com.unlogical.colored.gui.panel.SoundSourcePanel.customUpdate(SoundSourcePanel.java:192)
com.unlogical.colored.gui.panel.GUIPanel.update(GUIPanel.java:90)
com.unlogical.colored.mapeditor.MapEditor.update(MapEditor.java:1622)
com.unlogical.colored.GameLauncher.update(GameLauncher.java:394)
com.unlogical.colored.GameLauncher.render(GameLauncher.java:460)
com.badlogic.gdx.backends.lwjgl.LwjglApplication.mainLoop(LwjglApplication.java:218)
com.badlogic.gdx.backends.lwjgl.LwjglApplication$1.run(LwjglApplication.java:123)

 -- Last 20 Log Entries -- 
@Log    : Play sound MENU_CLICK at volume 0.0, pitch 1.0 and pan -0.0122 (once). (tid: 12)
@Log    : Play sound MENU_CLICK at volume 0.0, pitch 1.0 and pan -0.0122 (once). (tid: 12)
@Log    : Play sound MENU_CLICK at volume 0.0, pitch 1.0 and pan -0.0122 (once). (tid: 12)
@Log    : Play sound MENU_CLICK at volume 0.0, pitch 1.0 and pan -0.0122 (once). (tid: 12)
@Log    : Play sound MENU_CLICK at volume 0.0, pitch 1.0 and pan -0.0122 (once). (tid: 12)
@Log    : Play sound MENU_CLICK at volume 0.0, pitch 1.0 and pan -0.0122 (once). (tid: 12)
@Log    : Play sound MENU_CLICK at volume 0.0, pitch 1.0 and pan -0.0122 (once). (tid: 12)
@Log    : Play sound MENU_CLICK at volume 0.0, pitch 1.0 and pan -0.0122 (once). (tid: 12)
@Log    : Play sound MENU_CLICK at volume 0.0, pitch 1.0 and pan -0.0122 (once). (tid: 12)
@Log    : Play sound MENU_CLICK at volume 0.0, pitch 1.0 and pan -0.0122 (once). (tid: 12)
@Log    : Play sound MENU_CLICK at volume 0.0, pitch 1.0 and pan -0.0122 (once). (tid: 12)
@Log    : Play sound MENU_CLICK at volume 0.0, pitch 1.0 and pan -0.0122 (once). (tid: 12)
@Log    : Play sound MENU_CLICK at volume 0.0, pitch 1.0 and pan -0.0122 (once). (tid: 12)
@Log    : Play sound MENU_CLICK at volume 0.0, pitch 1.0 and pan -0.0122 (once). (tid: 12)
@Log    : Fetching lights for level "22-01" ... (tid: 12)
@Log    : Lights fetched for level "22-01", 4 lights found. (tid: 12)
@Log    : Loaded map Perspective (22-01, ../worlds/maps/22-01), took 33ms. (tid: 12)
@Warning: Currently in session levelmng, cannot end update (tid: 12)
@Log    : Clicked "STATIC" and called its onClick(). (tid: 12)
@Log    : Play sound MENU_CLICK at volume 0.0, pitch 1.0 and pan 0.0 (once). (tid: 12)

 -- Last 20 Input Events -- 
Touch down: 0 (pointer: 0) at x:384 y: 0 (7884ms ago)
Touch up: 0 (pointer: 0) at x:384 y: 0 (7801ms ago)
Key down: L-Ctrl (129) (5988ms ago)
Key down: M (41) (4631ms ago)
Key up: M (41) (4516ms ago)
Key up: L-Ctrl (129) (4383ms ago)
Key down: Tab (61) (4216ms ago)
Key up: Tab (61) (4146ms ago)
Key down: Tab (61) (4049ms ago)
Key up: Tab (61) (3999ms ago)
Key down: Tab (61) (3916ms ago)
Key up: Tab (61) (3866ms ago)
Key down: Tab (61) (3783ms ago)
Key up: Tab (61) (3716ms ago)
Touch down: 0 (pointer: 0) at x:269 y: 817 (3216ms ago)
Touch dragged: pointer: 0 at x:269 y: 816 (3166ms ago)
Touch up: 0 (pointer: 0) at x:269 y: 816 (3149ms ago)
Touch down: 0 (pointer: 0) at x:273 y: 774 (3016ms ago)
Touch up: 0 (pointer: 0) at x:274 y: 774 (2949ms ago)
Touch down: 0 (pointer: 0) at x:1650 y: 152 (16ms ago)
