 -- General -- 
Generated on: 2016-06-18_11-25-53
Build: 757 from 11:16 PM - 17/06/16
GameState: MAP_EDITOR (previous: IN_LEVEL)
Target FPS: 60
Actual FPS: 61

 -- Display -- 
Target Width / Height: 1920 / 1080
Actual Width / Height: 1920 / 1017 (windowed)

 -- Environment -- 
GPU: GeForce GTX 980 Ti/PCIe/SSE2 (NVIDIA Corporation)
OpenGL Version: 4.5.0 NVIDIA 361.43
Allocated Memory: 123MB
Used Memory: 8MB
"os.name": Windows 10
"os.version": 10.0
"os.arch": x86
"java.version": 1.8.0_66
"java.vendor": Oracle Corporation
"sun.arch.data.model": 32

 -- Level --
ID: 22-01 (internal: 01)
LevelType: TIME_SCALE
Dimension: COLORED
Location: ../worlds/maps/22-01

 -- Stack Trace -- 
java.lang.IllegalArgumentException: No enum constant com.unlogical.colored.terrain.tile.TileSoundSource.SoundRangeType.STATIC
java.lang.Enum.valueOf(Enum.java:238)
com.unlogical.colored.terrain.tile.TileSoundSource$SoundRangeType.valueOf(TileSoundSource.java:1)
com.unlogical.colored.gui.panel.SoundSourcePanel$4.onClick(SoundSourcePanel.java:119)
com.unlogical.colored.gui.button.Button.update(Button.java:120)
com.unlogical.colored.gui.panel.SoundSourcePanel.customUpdate(SoundSourcePanel.java:192)
com.unlogical.colored.gui.panel.GUIPanel.update(GUIPanel.java:90)
com.unlogical.colored.mapeditor.MapEditor.update(MapEditor.java:1622)
com.unlogical.colored.GameLauncher.update(GameLauncher.java:394)
com.unlogical.colored.GameLauncher.render(GameLauncher.java:460)
com.badlogic.gdx.backends.lwjgl.LwjglApplication.mainLoop(LwjglApplication.java:218)
com.badlogic.gdx.backends.lwjgl.LwjglApplication$1.run(LwjglApplication.java:123)

 -- Last 20 Log Entries -- 
@Log    : Finished loading, took 635ms. (tid: 12)
@Log    : Loading map ../worlds/maps/22-01 ... (tid: 12)
@Log    : Loading map files took 180ms. (tid: 12)
@Warning: Tried to load image(s) from path res/gui/icons/22_01, the resolved path res/gui/icons/22_01.png however does not exist. (tid: 12)
@Warning: Couldn't load level icon for 22-01. (tid: 12)
@Log    : Fetching lights for level "22-01" ... (tid: 12)
@Log    : Lights fetched for level "22-01", 4 lights found. (tid: 12)
@Log    : Pre-simulating particles for 45000.0ms (300 x 150.0ms)... (tid: 12)
@Log    : Particle pre-simulation complete. Particles are now ahead of time by 45000.0ms. (tid: 12)
@Log    : Active save was saved to disk. (tid: 12)
@Log    : Loaded 22-01 (took 243ms). (tid: 12)
@Log    : Fetching lights for level "22-01" ... (tid: 12)
@Log    : Lights fetched for level "22-01", 4 lights found. (tid: 12)
@Log    : Loaded map Perspective (22-01, ../worlds/maps/22-01), took 34ms. (tid: 12)
@Warning: Currently in session levelmng, cannot end update (tid: 12)
@Log    : Clicked "Add Tile" and called its onClick(). (tid: 12)
@Log    : Play sound MENU_CLICK at volume 0.0, pitch 1.0 and pan 0.0 (once). (tid: 12)
@Log    : Creating tile SOUND_SOURCE ... (tid: 12)
@Log    : Clicked "STATIC" and called its onClick(). (tid: 12)
@Log    : Play sound MENU_CLICK at volume 0.0, pitch 1.0 and pan 0.0 (once). (tid: 12)

 -- Last 20 Input Events -- 
Touch dragged: pointer: 0 at x:998 y: 128 (858ms ago)
Touch dragged: pointer: 0 at x:990 y: 128 (841ms ago)
Touch dragged: pointer: 0 at x:983 y: 128 (824ms ago)
Touch dragged: pointer: 0 at x:977 y: 128 (808ms ago)
Touch dragged: pointer: 0 at x:972 y: 128 (791ms ago)
Touch dragged: pointer: 0 at x:969 y: 128 (774ms ago)
Touch dragged: pointer: 0 at x:967 y: 128 (758ms ago)
Touch dragged: pointer: 0 at x:965 y: 127 (741ms ago)
Touch dragged: pointer: 0 at x:961 y: 127 (724ms ago)
Touch dragged: pointer: 0 at x:957 y: 127 (708ms ago)
Touch dragged: pointer: 0 at x:953 y: 127 (691ms ago)
Touch dragged: pointer: 0 at x:951 y: 126 (674ms ago)
Touch dragged: pointer: 0 at x:950 y: 126 (641ms ago)
Touch dragged: pointer: 0 at x:948 y: 126 (624ms ago)
Touch dragged: pointer: 0 at x:947 y: 126 (608ms ago)
Touch dragged: pointer: 0 at x:946 y: 126 (591ms ago)
Touch dragged: pointer: 0 at x:945 y: 126 (558ms ago)
Touch dragged: pointer: 0 at x:944 y: 126 (541ms ago)
Touch dragged: pointer: 0 at x:944 y: 125 (508ms ago)
Touch down: 0 (pointer: 0) at x:1185 y: 257 (8ms ago)
