 -- General -- 
Generated on: 2016-06-19_21-14-08
Build: 761 from 08:14 PM - 19/06/16
GameState: IN_LEVEL (previous: LOADING)
Target FPS: 60
Actual FPS: 61

 -- Display -- 
Target Width / Height: 1920 / 1080
Actual Width / Height: 1920 / 1017 (windowed)

 -- Environment -- 
GPU: GeForce GTX 980 Ti/PCIe/SSE2 (NVIDIA Corporation)
OpenGL Version: 4.5.0 NVIDIA 361.43
Allocated Memory: 123MB
Used Memory: 32MB
"os.name": Windows 10
"os.version": 10.0
"os.arch": x86
"java.version": 1.8.0_66
"java.vendor": Oracle Corporation
"sun.arch.data.model": 32

 -- Level --
ID: 21-01 (internal: 01)
LevelType: REVERSAL
Dimension: COLORED
Location: ../worlds/maps/21-01

 -- Stack Trace -- 
java.lang.IllegalStateException: SpriteBatch.begin must be called before end.
com.unlogical.colored.util.ExtendedSpriteBatch.end(ExtendedSpriteBatch.java:277)
com.unlogical.colored.terrain.tile.TileDoor.preDraw(TileDoor.java:154)
com.unlogical.colored.terrain.TerrainObject.drawTextured(TerrainObject.java:259)
com.unlogical.colored.terrain.TerrainObject.draw(TerrainObject.java:212)
com.unlogical.colored.levelmanaging.MapManager.drawTile(MapManager.java:951)
com.unlogical.colored.levelmanaging.MapManager.renderBehindAllEntities(MapManager.java:888)
com.unlogical.colored.levelmanaging.LevelManager.renderGeometry(LevelManager.java:1276)
com.unlogical.colored.levelmanaging.LevelManager.render(LevelManager.java:1232)
com.unlogical.colored.GameLauncher.render(GameLauncher.java:503)
com.badlogic.gdx.backends.lwjgl.LwjglApplication.mainLoop(LwjglApplication.java:218)
com.badlogic.gdx.backends.lwjgl.LwjglApplication$1.run(LwjglApplication.java:123)

 -- Last 20 Log Entries -- 
@Log    : Initializing map editor... (tid: 15)
@Log    : Initialising levelrenderer... (tid: 15)
@Log    : Initializing menus... (tid: 15)
@Log    : SaveState 1.dat found and read successfully. (tid: 15)
@Log    : SaveState 2.dat found and read successfully. (tid: 15)
@Log    : Initializing story handler... (tid: 15)
@Log    : Initializing credits screen... (tid: 15)
@Log    : Resizing contents to current window size... (tid: 15)
@Log    : Finished loading, took 645ms. (tid: 15)
@Log    : Loading map ../worlds/maps/21-01 ... (tid: 15)
@Log    : Loading map files took 145ms. (tid: 15)
@Warning: Tried to load image(s) from path res/gui/icons/21_01, the resolved path res/gui/icons/21_01.png however does not exist. (tid: 15)
@Warning: Couldn't load level icon for 21-01. (tid: 15)
@Log    : Fetching lights for level "21-01" ... (tid: 15)
@Log    : Lights fetched for level "21-01", 8 lights found. (tid: 15)
@Log    : Pre-simulating particles for 45000.0ms (300 x 150.0ms)... (tid: 15)
@Log    : Particle pre-simulation complete. Particles are now ahead of time by 45000.0ms. (tid: 15)
@Log    : Active save was saved to disk. (tid: 15)
@Log    : Loaded 21-01 (took 259ms). (tid: 15)
@Log    : Play sound RAIN at volume 0.0, pitch 1.0 and pan 0.2732 (looping). (tid: 15)

 -- Last 11 Input Events -- 
Touch up: 0 (pointer: 0) at x:492 y: 239 (91608ms ago)
Key down: A (29) (87962ms ago)
Key typed: a (charcode: 97) (87546ms ago)
Key typed: a (charcode: 97) (87446ms ago)
Key typed: a (charcode: 97) (87346ms ago)
Key up: A (29) (87297ms ago)
Touch down: 0 (pointer: 0) at x:1720 y: 264 (73243ms ago)
Touch dragged: pointer: 0 at x:1721 y: 272 (73230ms ago)
Touch up: 0 (pointer: 0) at x:1721 y: 272 (73180ms ago)
Key down: G (35) (72480ms ago)
Key up: G (35) (72396ms ago)
