 -- General -- 
Generated on: 2016-06-20_21-10-48
Build: 763 from 09:07 PM - 20/06/16
GameState: IN_LEVEL (previous: MAP_EDITOR)
Target FPS: 60
Actual FPS: 60

 -- Display -- 
Target Width / Height: 1920 / 1080
Actual Width / Height: 1920 / 1017 (windowed)

 -- Environment -- 
GPU: GeForce GTX 980 Ti/PCIe/SSE2 (NVIDIA Corporation)
OpenGL Version: 4.5.0 NVIDIA 361.43
Allocated Memory: 123MB
Used Memory: 17MB
"os.name": Windows 10
"os.version": 10.0
"os.arch": x86
"java.version": 1.8.0_66
"java.vendor": Oracle Corporation
"sun.arch.data.model": 32

 -- Level --
ID: test (internal: unknown)
LevelType: REVERSAL
Dimension: COLORED
Location: ../worlds/maps/test

 -- Stack Trace -- 
java.lang.IllegalStateException: SpriteBatch.begin must be called before end.
com.unlogical.colored.util.ExtendedSpriteBatch.end(ExtendedSpriteBatch.java:277)
com.unlogical.colored.terrain.tile.TileDoor.customDraw(TileDoor.java:165)
com.unlogical.colored.terrain.TerrainObject.draw(TerrainObject.java:228)
com.unlogical.colored.levelmanaging.MapManager.drawTile(MapManager.java:951)
com.unlogical.colored.levelmanaging.MapManager.renderBehindAllEntities(MapManager.java:888)
com.unlogical.colored.levelmanaging.LevelManager.renderGeometry(LevelManager.java:1277)
com.unlogical.colored.levelmanaging.LevelManager.render(LevelManager.java:1232)
com.unlogical.colored.GameLauncher.render(GameLauncher.java:503)
com.badlogic.gdx.backends.lwjgl.LwjglApplication.mainLoop(LwjglApplication.java:218)
com.badlogic.gdx.backends.lwjgl.LwjglApplication$1.run(LwjglApplication.java:123)

 -- Last 20 Log Entries -- 
@Log    : Active save was saved to disk. (tid: 15)
@Log    : Loaded test (took 10ms). (tid: 15)
@Log    : Fetching lights for level "test" ... (tid: 15)
@Log    : Lights fetched for level "test", 0 lights found. (tid: 15)
@Warning: Unable to load music "unknown": java.lang.RuntimeException: Main music for "unknown_colored" not found (tid: 15)
@Warning: Unable to play music "unknown". (tid: 15)
@Log    : Loaded map Test (test, ../worlds/maps/test), took 6ms. (tid: 15)
@Warning: Currently in session levelmng, cannot end update (tid: 15)
@Log    : Loading map ../worlds/maps/test ... (tid: 15)
@Log    : Loading map files took 1ms. (tid: 15)
@Warning: Tried to load image(s) from path res/gui/icons/test, the resolved path res/gui/icons/test.png however does not exist. (tid: 15)
@Warning: Couldn't load level icon for test. (tid: 15)
@Warning: Unable to load music "unknown": java.lang.RuntimeException: Main music for "unknown_colored" not found (tid: 15)
@Warning: Unable to play music "unknown". (tid: 15)
@Log    : Fetching lights for level "test" ... (tid: 15)
@Log    : Lights fetched for level "test", 0 lights found. (tid: 15)
@Log    : Pre-simulating particles for 45000.0ms (300 x 150.0ms)... (tid: 15)
@Log    : Particle pre-simulation complete. Particles are now ahead of time by 45000.0ms. (tid: 15)
@Log    : Active save was saved to disk. (tid: 15)
@Log    : Loaded test (took 9ms). (tid: 15)

 -- Last 20 Input Events -- 
Key down: G (35) (76273ms ago)
Key up: G (35) (76174ms ago)
Key down: G (35) (75890ms ago)
Key up: G (35) (75758ms ago)
Key down: G (35) (74874ms ago)
Key up: G (35) (74790ms ago)
Key down: G (35) (74508ms ago)
Key up: G (35) (74407ms ago)
Key down: G (35) (74108ms ago)
Key up: G (35) (74008ms ago)
Key down: G (35) (72624ms ago)
Key up: G (35) (72524ms ago)
Key down: G (35) (71891ms ago)
Key up: G (35) (71724ms ago)
Touch down: 0 (pointer: 0) at x:1607 y: 520 (54632ms ago)
Touch up: 0 (pointer: 0) at x:1607 y: 520 (54591ms ago)
Key down: G (35) (53824ms ago)
Key up: G (35) (53724ms ago)
Touch down: 0 (pointer: 0) at x:1601 y: 501 (50800ms ago)
Touch up: 0 (pointer: 0) at x:1601 y: 501 (50708ms ago)
