 -- General -- 
Generated on: 2016-06-20_21-36-53
Build: 764 from 09:15 PM - 20/06/16
GameState: LOADING (previous: null)
Target FPS: 60
Actual FPS: 0

 -- Display -- 
Target Width / Height: 1920 / 1080
Actual Width / Height: 1920 / 1017 (windowed)

 -- Environment -- 
GPU: GeForce GTX 980 Ti/PCIe/SSE2 (NVIDIA Corporation)
OpenGL Version: 4.5.0 NVIDIA 361.43
Allocated Memory: 123MB
Used Memory: 11MB
"os.name": Windows 10
"os.version": 10.0
"os.arch": x86
"java.version": 1.8.0_66
"java.vendor": Oracle Corporation
"sun.arch.data.model": 32

 -- Stack Trace -- 
java.lang.RuntimeException: Error while loading: java.lang.NullPointerException
com.unlogical.colored.util.LoadingHandler.loadNext(LoadingHandler.java:113)
com.unlogical.colored.GameLauncher.render(GameLauncher.java:548)
com.badlogic.gdx.backends.lwjgl.LwjglApplication.mainLoop(LwjglApplication.java:218)
com.badlogic.gdx.backends.lwjgl.LwjglApplication$1.run(LwjglApplication.java:123)
Caused by: java.lang.NullPointerException
com.unlogical.colored.terrain.TerrainObject.getMainImage(TerrainObject.java:156)
com.unlogical.colored.mapeditor.MapEditor.initGUI(MapEditor.java:767)
com.unlogical.colored.mapeditor.MapEditor.init(MapEditor.java:733)
com.unlogical.colored.util.LoadingHandler.loadNext(LoadingHandler.java:86)
com.unlogical.colored.GameLauncher.render(GameLauncher.java:548)
com.badlogic.gdx.backends.lwjgl.LwjglApplication.mainLoop(LwjglApplication.java:218)
com.badlogic.gdx.backends.lwjgl.LwjglApplication$1.run(LwjglApplication.java:123)

 -- Last 20 Log Entries -- 
@Log    : Fetching chapters / worlds... (tid: 12)
@Log    : Requesting available map files... (tid: 12)
@Log    : 47 found. (tid: 12)
@Log    : Loading resources, entity textures... (1 / 3) (tid: 12)
@Log    : Loading resources, terrain textures... (2 / 3) (tid: 12)
@Warning: Unable to find base tile images for hole. (tid: 12)
@Log    : Loading resources, misc... (3 / 3) (tid: 12)
@Log    : Initializing shaders... (tid: 12)
@Log    : Loading save states... (tid: 12)
@Log    : SaveState 1.dat found and read successfully. (tid: 12)
@Log    : SaveState 2.dat found and read successfully. (tid: 12)
@Log    : Active save state selected, last accessed on Mon Jun 20 21:17:42 CEST 2016 (tid: 12)
@Log    : Initializing animation handler... (tid: 12)
@Log    : Fetching maps... (tid: 12)
@Log    : Found world hub for world 20 at 20-05. (tid: 12)
@Log    : Found world hub for world 21 at 21-08. (tid: 12)
@Log    : Found world hub for world 22 at 22-08. (tid: 12)
@Log    : Found world hub for world 23 at 23-09. (tid: 12)
@Log    : Found world hub for world 24 at 24-10. (tid: 12)
@Log    : Initializing map editor... (tid: 12)

 -- Last 1 Input Events -- 
Touch up: 0 (pointer: 0) at x:416 y: 2 (863ms ago)
