 -- General -- 
Generated on: 2016-06-23_16-04-48
Build: 766 from 09:45 PM - 22/06/16
GameState: MAP_EDITOR (previous: MAP_EDITOR_MENU)
Target FPS: 60
Actual FPS: 61

 -- Display -- 
Target Width / Height: 1920 / 1080
Actual Width / Height: 1920 / 1017 (windowed)

 -- Environment -- 
GPU: GeForce GTX 980 Ti/PCIe/SSE2 (NVIDIA Corporation)
OpenGL Version: 4.5.0 NVIDIA 361.43
Allocated Memory: 123MB
Used Memory: 7MB
"os.name": Windows 10
"os.version": 10.0
"os.arch": x86
"java.version": 1.8.0_66
"java.vendor": Oracle Corporation
"sun.arch.data.model": 32

 -- Level --
ID: test (internal: unknown)
LevelType: REVERSAL
Dimension: COLORED
Location: ../worlds/maps/test

 -- Stack Trace -- 
java.lang.ArithmeticException: / by zero
com.unlogical.colored.particle.ParticleEmitterImpl.updateParticle(ParticleEmitterImpl.java:637)
com.unlogical.colored.particle.Particle.update(Particle.java:138)
com.unlogical.colored.particle.ParticleSystem.simulateEmitter(ParticleSystem.java:170)
com.unlogical.colored.gui.panel.ParticleEmitterPanel.updateWrapper(ParticleEmitterPanel.java:1229)
com.unlogical.colored.gui.panel.ParticleEmitterPanel$12.onChecked(ParticleEmitterPanel.java:364)
com.unlogical.colored.gui.GUICheckbox.update(GUICheckbox.java:68)
com.unlogical.colored.gui.panel.ParticleEmitterPanel.customUpdate(ParticleEmitterPanel.java:1443)
com.unlogical.colored.gui.panel.GUIPanel.update(GUIPanel.java:90)
com.unlogical.colored.mapeditor.MapEditor.update(MapEditor.java:1632)
com.unlogical.colored.GameLauncher.update(GameLauncher.java:394)
com.unlogical.colored.GameLauncher.render(GameLauncher.java:460)
com.badlogic.gdx.backends.lwjgl.LwjglApplication.mainLoop(LwjglApplication.java:218)
com.badlogic.gdx.backends.lwjgl.LwjglApplication$1.run(LwjglApplication.java:123)

 -- Last 20 Log Entries -- 
@Log    : Play sound MENUCLICK at volume 0.0, pitch 1.0 and pan 0.0 (once). (tid: 15)
@Log    : Fetching lights for level "test" ... (tid: 15)
@Log    : Lights fetched for level "test", 0 lights found. (tid: 15)
@Warning: Unable to load music "unknown": java.lang.RuntimeException: Main music for "unknown_colored" not found (tid: 15)
@Warning: Unable to play music "unknown". (tid: 15)
@Log    : Loaded map Test (test, ../worlds/maps/test), took 3ms. (tid: 15)
@Log    : Clicked "" and called its onClick(). (tid: 15)
@Log    : Play sound MENUCLICK at volume 0.0, pitch 1.0 and pan 0.0 (once). (tid: 15)
@Log    : Clicked "Close" and called its onClick(). (tid: 15)
@Log    : Play sound MENUCLICK at volume 0.0, pitch 1.0 and pan 0.0 (once). (tid: 15)
@Log    : New color is 0.0, 1.0, 1.0. (tid: 15)
@Log    : Clicked "Save" and called its onClick(). (tid: 15)
@Log    : Play sound MENUCLICK at volume 0.0, pitch 1.0 and pan 0.0 (once). (tid: 15)
@Log    : Clicked "Type: NORMAL" and called its onClick(). (tid: 15)
@Log    : Play sound MENUCLICK at volume 0.0, pitch 1.0 and pan 0.0 (once). (tid: 15)
@Log    : Fetching lights for level "test" ... (tid: 15)
@Log    : Lights fetched for level "test", 0 lights found. (tid: 15)
@Warning: Unable to load music "unknown": java.lang.RuntimeException: Main music for "unknown_colored" not found (tid: 15)
@Warning: Unable to play music "unknown". (tid: 15)
@Log    : Loaded map Test (test, ../worlds/maps/test), took 4ms. (tid: 15)

 -- Last 20 Input Events -- 
Touch dragged: pointer: 0 at x:561 y: 291 (4286ms ago)
Touch dragged: pointer: 0 at x:557 y: 288 (4269ms ago)
Touch dragged: pointer: 0 at x:554 y: 287 (4252ms ago)
Touch dragged: pointer: 0 at x:552 y: 285 (4219ms ago)
Touch dragged: pointer: 0 at x:550 y: 284 (4202ms ago)
Touch up: 0 (pointer: 0) at x:550 y: 284 (4186ms ago)
Touch down: 0 (pointer: 0) at x:826 y: 650 (3419ms ago)
Touch up: 0 (pointer: 0) at x:826 y: 650 (3386ms ago)
Touch down: 0 (pointer: 0) at x:163 y: 64 (2618ms ago)
Touch dragged: pointer: 0 at x:164 y: 64 (2601ms ago)
Touch up: 0 (pointer: 0) at x:164 y: 64 (2585ms ago)
Touch down: 0 (pointer: 0) at x:349 y: 91 (2352ms ago)
Touch up: 0 (pointer: 0) at x:349 y: 91 (2334ms ago)
Touch down: 0 (pointer: 0) at x:1052 y: 454 (1451ms ago)
Touch up: 0 (pointer: 0) at x:1052 y: 454 (1402ms ago)
Touch down: 0 (pointer: 0) at x:1148 y: 419 (1186ms ago)
Touch dragged: pointer: 0 at x:1149 y: 419 (1169ms ago)
Touch dragged: pointer: 0 at x:1150 y: 419 (1152ms ago)
Touch up: 0 (pointer: 0) at x:1150 y: 419 (1135ms ago)
Touch down: 0 (pointer: 0) at x:1741 y: 252 (18ms ago)
