 -- General -- 
Generated on: 2016-06-28_20-14-07
Build: 769 from 09:26 PM - 26/06/16
GameState: MAP_EDITOR (previous: IN_LEVEL)
Target FPS: 60
Actual FPS: 59

 -- Display -- 
Target Width / Height: 1920 / 1080
Actual Width / Height: 1920 / 1017 (windowed)

 -- Environment -- 
GPU: GeForce GTX 980 Ti/PCIe/SSE2 (NVIDIA Corporation)
OpenGL Version: 4.5.0 NVIDIA 361.43
Allocated Memory: 123MB
Used Memory: 7MB
"os.name": Windows 10
"os.version": 10.0
"os.arch": x86
"java.version": 1.8.0_66
"java.vendor": Oracle Corporation
"sun.arch.data.model": 32

 -- Level --
ID: test (internal: unknown)
LevelType: NORMAL
Dimension: COLORED
Location: ../worlds/maps/test

 -- Stack Trace -- 
java.lang.IllegalStateException: SpriteBatch.begin must be called before draw.
com.unlogical.colored.util.ExtendedSpriteBatch.draw(ExtendedSpriteBatch.java:767)
com.badlogic.gdx.graphics.g2d.BitmapFontCache.draw(BitmapFontCache.java:237)
com.badlogic.gdx.graphics.g2d.BitmapFont.draw(BitmapFont.java:191)
com.unlogical.colored.util.Renderer.drawString(Renderer.java:361)
com.unlogical.colored.gui.panel.HolePanel.customRender(HolePanel.java:61)
com.unlogical.colored.gui.panel.GUIPanel.render(GUIPanel.java:164)
com.unlogical.colored.mapeditor.MapEditor.render(MapEditor.java:1507)
com.unlogical.colored.GameLauncher.render(GameLauncher.java:513)
com.badlogic.gdx.backends.lwjgl.LwjglApplication.mainLoop(LwjglApplication.java:218)
com.badlogic.gdx.backends.lwjgl.LwjglApplication$1.run(LwjglApplication.java:123)

 -- Last 20 Log Entries -- 
@Log    : Resizing contents to current window size... (tid: 15)
@Log    : Finished loading, took 633ms. (tid: 15)
@Log    : Loading map ../worlds/maps/test ... (tid: 15)
@Log    : Loading map files took 5ms. (tid: 15)
@Warning: Tried to load image(s) from path res/gui/icons/test, the resolved path res/gui/icons/test.png however does not exist. (tid: 15)
@Warning: Couldn't load level icon for test. (tid: 15)
@Warning: Unable to load music "unknown": java.lang.RuntimeException: Main music for "unknown_colored" not found (tid: 15)
@Warning: Unable to play music "unknown". (tid: 15)
@Log    : Fetching lights for level "test" ... (tid: 15)
@Log    : Lights fetched for level "test", 0 lights found. (tid: 15)
@Log    : Pre-simulating particles for 45000.0ms (300 x 150.0ms)... (tid: 15)
@Log    : Particle pre-simulation complete. Particles are now ahead of time by 45000.0ms. (tid: 15)
@Log    : Active save was saved to disk. (tid: 15)
@Log    : Loaded test (took 53ms). (tid: 15)
@Log    : Fetching lights for level "test" ... (tid: 15)
@Log    : Lights fetched for level "test", 0 lights found. (tid: 15)
@Warning: Unable to load music "unknown": java.lang.RuntimeException: Main music for "unknown_colored" not found (tid: 15)
@Warning: Unable to play music "unknown". (tid: 15)
@Log    : Loaded map Test (test, ../worlds/maps/test), took 12ms. (tid: 15)
@Warning: Currently in session levelmng, cannot end update (tid: 15)

 -- Last 20 Input Events -- 
Touch dragged: pointer: 0 at x:1496 y: 68 (4287ms ago)
Touch dragged: pointer: 0 at x:1495 y: 68 (4270ms ago)
Touch dragged: pointer: 0 at x:1496 y: 68 (4204ms ago)
Touch dragged: pointer: 0 at x:1502 y: 68 (4187ms ago)
Touch dragged: pointer: 0 at x:1513 y: 68 (4170ms ago)
Touch dragged: pointer: 0 at x:1524 y: 68 (4154ms ago)
Touch dragged: pointer: 0 at x:1535 y: 68 (4137ms ago)
Touch dragged: pointer: 0 at x:1548 y: 69 (4120ms ago)
Touch dragged: pointer: 0 at x:1557 y: 71 (4104ms ago)
Touch dragged: pointer: 0 at x:1563 y: 73 (4087ms ago)
Touch dragged: pointer: 0 at x:1565 y: 73 (4070ms ago)
Touch dragged: pointer: 0 at x:1566 y: 73 (4054ms ago)
Touch dragged: pointer: 0 at x:1569 y: 74 (4004ms ago)
Touch dragged: pointer: 0 at x:1575 y: 74 (3987ms ago)
Touch dragged: pointer: 0 at x:1580 y: 75 (3970ms ago)
Touch dragged: pointer: 0 at x:1584 y: 75 (3954ms ago)
Touch dragged: pointer: 0 at x:1587 y: 75 (3937ms ago)
Touch dragged: pointer: 0 at x:1588 y: 75 (3920ms ago)
Touch up: 0 (pointer: 0) at x:1588 y: 75 (3887ms ago)
Touch up: 0 (pointer: 0) at x:1404 y: 343 (2866ms ago)
