 -- General -- 
Generated on: 2016-06-28_20-14-20
Build: 769 from 09:26 PM - 26/06/16
GameState: MAP_EDITOR (previous: IN_LEVEL)
Target FPS: 60
Actual FPS: 61

 -- Display -- 
Target Width / Height: 1920 / 1080
Actual Width / Height: 1920 / 1017 (windowed)

 -- Environment -- 
GPU: GeForce GTX 980 Ti/PCIe/SSE2 (NVIDIA Corporation)
OpenGL Version: 4.5.0 NVIDIA 361.43
Allocated Memory: 123MB
Used Memory: 5MB
"os.name": Windows 10
"os.version": 10.0
"os.arch": x86
"java.version": 1.8.0_66
"java.vendor": Oracle Corporation
"sun.arch.data.model": 32

 -- Level --
ID: test (internal: unknown)
LevelType: NORMAL
Dimension: COLORED
Location: ../worlds/maps/test

 -- Stack Trace -- 
java.lang.IllegalStateException: SpriteBatch.begin must be called before draw.
com.unlogical.colored.util.ExtendedSpriteBatch.draw(ExtendedSpriteBatch.java:767)
com.badlogic.gdx.graphics.g2d.BitmapFontCache.draw(BitmapFontCache.java:237)
com.badlogic.gdx.graphics.g2d.BitmapFont.draw(BitmapFont.java:191)
com.unlogical.colored.util.Renderer.drawString(Renderer.java:361)
com.unlogical.colored.gui.panel.HolePanel.customRender(HolePanel.java:61)
com.unlogical.colored.gui.panel.GUIPanel.render(GUIPanel.java:164)
com.unlogical.colored.mapeditor.MapEditor.render(MapEditor.java:1507)
com.unlogical.colored.GameLauncher.render(GameLauncher.java:513)
com.badlogic.gdx.backends.lwjgl.LwjglApplication.mainLoop(LwjglApplication.java:218)
com.badlogic.gdx.backends.lwjgl.LwjglApplication$1.run(LwjglApplication.java:123)

 -- Last 20 Log Entries -- 
@Log    : Resizing contents to current window size... (tid: 12)
@Log    : Finished loading, took 617ms. (tid: 12)
@Log    : Loading map ../worlds/maps/test ... (tid: 12)
@Log    : Loading map files took 5ms. (tid: 12)
@Warning: Tried to load image(s) from path res/gui/icons/test, the resolved path res/gui/icons/test.png however does not exist. (tid: 12)
@Warning: Couldn't load level icon for test. (tid: 12)
@Warning: Unable to load music "unknown": java.lang.RuntimeException: Main music for "unknown_colored" not found (tid: 12)
@Warning: Unable to play music "unknown". (tid: 12)
@Log    : Fetching lights for level "test" ... (tid: 12)
@Log    : Lights fetched for level "test", 0 lights found. (tid: 12)
@Log    : Pre-simulating particles for 45000.0ms (300 x 150.0ms)... (tid: 12)
@Log    : Particle pre-simulation complete. Particles are now ahead of time by 45000.0ms. (tid: 12)
@Log    : Active save was saved to disk. (tid: 12)
@Log    : Loaded test (took 48ms). (tid: 12)
@Log    : Fetching lights for level "test" ... (tid: 12)
@Log    : Lights fetched for level "test", 0 lights found. (tid: 12)
@Warning: Unable to load music "unknown": java.lang.RuntimeException: Main music for "unknown_colored" not found (tid: 12)
@Warning: Unable to play music "unknown". (tid: 12)
@Log    : Loaded map Test (test, ../worlds/maps/test), took 9ms. (tid: 12)
@Warning: Currently in session levelmng, cannot end update (tid: 12)

 -- Last 9 Input Events -- 
Key down: SYM (63) (1385ms ago)
Key up: SYM (63) (1334ms ago)
Touch down: 0 (pointer: 0) at x:1240 y: 454 (528ms ago)
Touch up: 0 (pointer: 0) at x:1240 y: 454 (478ms ago)
Key down: L-Ctrl (129) (411ms ago)
Key down: M (41) (294ms ago)
Key up: M (41) (161ms ago)
Key up: L-Ctrl (129) (94ms ago)
Touch down: 0 (pointer: 0) at x:1230 y: 390 (11ms ago)
