 -- General -- 
Generated on: 2016-07-01_21-55-27
Build: 771 from 09:19 PM - 28/06/16
GameState: IN_LEVEL (previous: LOADING)
Target FPS: 60
Actual FPS: 45

 -- Display -- 
Target Width / Height: 1920 / 1080
Actual Width / Height: 1920 / 1017 (windowed)

 -- Environment -- 
GPU: GeForce GTX 980 Ti/PCIe/SSE2 (NVIDIA Corporation)
OpenGL Version: 4.5.0 NVIDIA 361.43
Allocated Memory: 123MB
Used Memory: 31MB
"os.name": Windows 10
"os.version": 10.0
"os.arch": x86
"java.version": 1.8.0_66
"java.vendor": Oracle Corporation
"sun.arch.data.model": 32

 -- Level --
ID: 22-01 (internal: 01)
LevelType: TIME_SCALE
Dimension: COLORED
Location: ../worlds/maps/22-01

 -- Stack Trace -- 
java.lang.RuntimeException: Exception while silently getting file dev/notes.txt: java.io.FileNotFoundException: File "dev/notes.txt" is not contained in any of the currently used file packages.
com.unlogical.colored.filesystem.FileManager.getFileQuietly(FileManager.java:368)
com.unlogical.colored.util.NotePrinter.printNotes(NotePrinter.java:33)
com.unlogical.colored.GameLauncher.update(GameLauncher.java:343)
com.unlogical.colored.GameLauncher.render(GameLauncher.java:474)
com.badlogic.gdx.backends.lwjgl.LwjglApplication.mainLoop(LwjglApplication.java:218)
com.badlogic.gdx.backends.lwjgl.LwjglApplication$1.run(LwjglApplication.java:123)
Caused by: java.io.FileNotFoundException: File "dev/notes.txt" is not contained in any of the currently used file packages.
com.unlogical.colored.filesystem.FileManager.getFile(FileManager.java:400)
com.unlogical.colored.filesystem.FileManager.getFile(FileManager.java:374)
com.unlogical.colored.filesystem.FileManager.getFileQuietly(FileManager.java:364)
com.unlogical.colored.util.NotePrinter.printNotes(NotePrinter.java:33)
com.unlogical.colored.GameLauncher.update(GameLauncher.java:343)
com.unlogical.colored.GameLauncher.render(GameLauncher.java:474)
com.badlogic.gdx.backends.lwjgl.LwjglApplication.mainLoop(LwjglApplication.java:218)
com.badlogic.gdx.backends.lwjgl.LwjglApplication$1.run(LwjglApplication.java:123)

 -- Last 20 Log Entries -- 
@Log    : Found world hub for world 24 at 24-10. (tid: 12)
@Log    : Initializing map editor... (tid: 12)
@Log    : Initialising levelrenderer... (tid: 12)
@Log    : Initializing menus... (tid: 12)
@Log    : SaveState 1.dat found and read successfully. (tid: 12)
@Log    : SaveState 2.dat found and read successfully. (tid: 12)
@Log    : Initializing story handler... (tid: 12)
@Log    : Initializing credits screen... (tid: 12)
@Log    : Resizing contents to current window size... (tid: 12)
@Log    : Finished loading, took 635ms. (tid: 12)
@Log    : Loading map ../worlds/maps/22-01 ... (tid: 12)
@Log    : Loading map files took 179ms. (tid: 12)
@Warning: Tried to load image(s) from path res/gui/icons/22_01, the resolved path res/gui/icons/22_01.png however does not exist. (tid: 12)
@Warning: Couldn't load level icon for 22-01. (tid: 12)
@Log    : Fetching lights for level "22-01" ... (tid: 12)
@Log    : Lights fetched for level "22-01", 4 lights found. (tid: 12)
@Log    : Pre-simulating particles for 45000.0ms (300 x 150.0ms)... (tid: 12)
@Log    : Particle pre-simulation complete. Particles are now ahead of time by 45000.0ms. (tid: 12)
@Log    : Active save was saved to disk. (tid: 12)
@Log    : Loaded 22-01 (took 253ms). (tid: 12)

 -- Last 1 Input Events -- 
Key down: , (55) (4ms ago)
